#
# There is insufficient memory for the Java Runtime Environment to continue.
# Native memory allocation (malloc) failed to allocate 313136 bytes for Chunk::new
# Possible reasons:
#   The system is out of physical RAM or swap space
#   The process is running with CompressedOops enabled, and the Java Heap may be blocking the growth of the native heap
# Possible solutions:
#   Reduce memory load on the system
#   Increase physical memory or swap space
#   Check if swap backing store is full
#   Decrease Java heap size (-Xmx/-Xms)
#   Decrease number of Java threads
#   Decrease Java thread stack sizes (-Xss)
#   Set larger code cache with -XX:ReservedCodeCacheSize=
#   JVM is running with Unscaled Compressed Oops mode in which the Java heap is
#     placed in the first 4GB address space. The Java Heap base address is the
#     maximum limit for the native heap growth. Please use -XX:HeapBaseMinAddress
#     to set the Java Heap base and to place the Java Heap above 4GB virtual address.
# This output file may be truncated or incomplete.
#
#  Out of Memory Error (./src/hotspot/share/memory/arena.cpp:197), pid=6640, tid=16492
#
# JRE version: OpenJDK Runtime Environment (11.0.13) (build 11.0.13+0-b1751.21-8125866)
# Java VM: OpenJDK 64-Bit Server VM (11.0.13+0-b1751.21-8125866, mixed mode, tiered, compressed oops, g1 gc, windows-amd64)
# No core dump will be written. Minidumps are not enabled by default on client versions of Windows
#

---------------  S U M M A R Y ------------

Command Line: --add-opens=java.base/java.util=ALL-UNNAMED --add-opens=java.base/java.lang=ALL-UNNAMED --add-opens=java.base/java.lang.invoke=ALL-UNNAMED --add-opens=java.base/java.util=ALL-UNNAMED --add-opens=java.prefs/java.util.prefs=ALL-UNNAMED --add-opens=java.prefs/java.util.prefs=ALL-UNNAMED --add-opens=java.base/java.nio.charset=ALL-UNNAMED --add-opens=java.base/java.net=ALL-UNNAMED --add-opens=java.base/java.util.concurrent.atomic=ALL-UNNAMED -Xmx2048m -Dfile.encoding=UTF-8 -Duser.country=US -Duser.language=en -Duser.variant org.gradle.launcher.daemon.bootstrap.GradleDaemon 7.4

Host: 11th Gen Intel(R) Core(TM) i5-1135G7 @ 2.40GHz, 8 cores, 11G,  Windows 11 , 64 bit Build 22000 (10.0.22000.708)
Time: Wed Nov 16 18:51:19 2022 Jordan Standard Time elapsed time: 842.410655 seconds (0d 0h 14m 2s)

---------------  T H R E A D  ---------------

Current thread (0x0000022ee6481000):  JavaThread "C2 CompilerThread1" daemon [_thread_in_native, id=16492, stack(0x000000ffe7500000,0x000000ffe7600000)]


Current CompileTask:
C2: 842410 19739       4       org.gradle.api.internal.artifacts.ivyservice.resolveengine.result.DesugaredAttributeContainerSerializer::read (155 bytes)

Stack: [0x000000ffe7500000,0x000000ffe7600000]
Native frames: (J=compiled Java code, j=interpreted, Vv=VM code, C=native code)
V  [jvm.dll+0x6100fa]
V  [jvm.dll+0x747090]
V  [jvm.dll+0x7486ad]
V  [jvm.dll+0x748d83]
V  [jvm.dll+0x24ab48]
V  [jvm.dll+0xc04dc]
V  [jvm.dll+0xc0a0c]
V  [jvm.dll+0x35eb9d]
V  [jvm.dll+0x19d7bc]
V  [jvm.dll+0x2033be]
V  [jvm.dll+0x202437]
V  [jvm.dll+0x188e01]
V  [jvm.dll+0x21106b]
V  [jvm.dll+0x20f8c1]
V  [jvm.dll+0x70de0f]
V  [jvm.dll+0x706a75]
V  [jvm.dll+0x60ed66]
C  [ucrtbase.dll+0x26c0c]
C  [KERNEL32.DLL+0x154e0]
C  [ntdll.dll+0x485b]


---------------  P R O C E S S  ---------------

Threads class SMR info:
_java_thread_list=0x0000022eeb28eab0, length=137, elements={
0x0000022ec9f2d000, 0x0000022ee4bce000, 0x0000022ee4bca800, 0x0000022ee53eb000,
0x0000022ee53ee800, 0x0000022ee53f1000, 0x0000022ee53f3800, 0x0000022ee543e800,
0x0000022ee5452800, 0x0000022ee55d1800, 0x0000022ee8127800, 0x0000022ee56b1000,
0x0000022ee5958000, 0x0000022ee7b21800, 0x0000022ee7b27000, 0x0000022ee7b22000,
0x0000022ee7b24800, 0x0000022ee7b23000, 0x0000022ee8a87800, 0x0000022ee8a8b000,
0x0000022ee8a86000, 0x0000022ee8a8c800, 0x0000022ee8a87000, 0x0000022eeae1e800,
0x0000022eeae1f000, 0x0000022eeae20000, 0x0000022eeae25000, 0x0000022eeae23800,
0x0000022eeae21000, 0x0000022eeddb8800, 0x0000022eeddbf000, 0x0000022ee8796000,
0x0000022eeb00e800, 0x0000022ee878f800, 0x0000022ee878a800, 0x0000022ee5cea800,
0x0000022eeba1b800, 0x0000022eee008000, 0x0000022eee00b000, 0x0000022eee007000,
0x0000022eee009800, 0x0000022eee00c000, 0x0000022eeae24000, 0x0000022ee8a8e000,
0x0000022ee5cee800, 0x0000022ee5cef800, 0x0000022ee5cf0800, 0x0000022ee5cf1000,
0x0000022ee5ceb800, 0x0000022ee5cf2000, 0x0000022ee5cec000, 0x0000022ee5cf3000,
0x0000022ee5ced000, 0x0000022ee5cee000, 0x0000022ee5cf3800, 0x0000022ee6481000,
0x0000022ee56b9800, 0x0000022ee5cf8800, 0x0000022ee5cf9800, 0x0000022ee5cf6000,
0x0000022ee5cf7000, 0x0000022ee5cf5000, 0x0000022ee5cf4800, 0x0000022ee5cf7800,
0x0000022eeddb6000, 0x0000022eeddb5800, 0x0000022eeddb9800, 0x0000022eeddba000,
0x0000022eeddbb000, 0x0000022eeddbc800, 0x0000022eeddb7000, 0x0000022eeddb7800,
0x0000022eeddc0000, 0x0000022eeddbd800, 0x0000022eeddbc000, 0x0000022eeddc0800,
0x0000022eeddc3000, 0x0000022eeddbe800, 0x0000022eeddc1800, 0x0000022eeddc2800,
0x0000022eeddc4000, 0x0000022eeba12000, 0x0000022eeba0f800, 0x0000022eeba0e000,
0x0000022eeba12800, 0x0000022eeba0d000, 0x0000022eeba13800, 0x0000022eeba10800,
0x0000022eeba14800, 0x0000022eeba0e800, 0x0000022eeba16000, 0x0000022eeba17000,
0x0000022eeba11000, 0x0000022eeba17800, 0x0000022eeba18800, 0x0000022eeba19800,
0x0000022eeba1a000, 0x0000022ee878e800, 0x0000022ee878b800, 0x0000022ee878e000,
0x0000022ee878a000, 0x0000022ee8790800, 0x0000022ee878c000, 0x0000022ee8792000,
0x0000022ee8791000, 0x0000022ee8792800, 0x0000022ee878d000, 0x0000022ee8798800,
0x0000022ee8797800, 0x0000022ee8797000, 0x0000022ee8793800, 0x0000022ee8794800,
0x0000022ee8795000, 0x0000022eee008800, 0x0000022eee006000, 0x0000022eee00d800,
0x0000022eee00e800, 0x0000022eee00c800, 0x0000022eee00f000, 0x0000022eee010000,
0x0000022eee00a800, 0x0000022eee012800, 0x0000022eee011000, 0x0000022eee015000,
0x0000022eee011800, 0x0000022eee013000, 0x0000022eee014000, 0x0000022eeae18800,
0x0000022eeae17000, 0x0000022eeae1b000, 0x0000022eeae1c000, 0x0000022eeae16000,
0x0000022eeae1c800, 0x0000022eeae19800, 0x0000022eeae1a800, 0x0000022eeae1d800,
0x0000022eeae18000
}

Java Threads: ( => current thread )
  0x0000022ec9f2d000 JavaThread "main" [_thread_blocked, id=17872, stack(0x000000ffe4a00000,0x000000ffe4b00000)]
  0x0000022ee4bce000 JavaThread "Reference Handler" daemon [_thread_blocked, id=16124, stack(0x000000ffe5100000,0x000000ffe5200000)]
  0x0000022ee4bca800 JavaThread "Finalizer" daemon [_thread_blocked, id=6752, stack(0x000000ffe5200000,0x000000ffe5300000)]
  0x0000022ee53eb000 JavaThread "Signal Dispatcher" daemon [_thread_blocked, id=3868, stack(0x000000ffe5300000,0x000000ffe5400000)]
  0x0000022ee53ee800 JavaThread "Attach Listener" daemon [_thread_blocked, id=13928, stack(0x000000ffe5400000,0x000000ffe5500000)]
  0x0000022ee53f1000 JavaThread "Service Thread" daemon [_thread_blocked, id=19916, stack(0x000000ffe5500000,0x000000ffe5600000)]
  0x0000022ee53f3800 JavaThread "C2 CompilerThread0" daemon [_thread_in_native, id=5156, stack(0x000000ffe5600000,0x000000ffe5700000)]
  0x0000022ee543e800 JavaThread "C1 CompilerThread0" daemon [_thread_blocked, id=15420, stack(0x000000ffe5700000,0x000000ffe5800000)]
  0x0000022ee5452800 JavaThread "Sweeper thread" daemon [_thread_blocked, id=5772, stack(0x000000ffe5800000,0x000000ffe5900000)]
  0x0000022ee55d1800 JavaThread "Common-Cleaner" daemon [_thread_blocked, id=20652, stack(0x000000ffe5900000,0x000000ffe5a00000)]
  0x0000022ee8127800 JavaThread "Daemon health stats" [_thread_blocked, id=19764, stack(0x000000ffe6000000,0x000000ffe6100000)]
  0x0000022ee56b1000 JavaThread "Incoming local TCP Connector on port 65291" [_thread_in_native, id=18916, stack(0x000000ffe5b00000,0x000000ffe5c00000)]
  0x0000022ee5958000 JavaThread "Daemon periodic checks" [_thread_blocked, id=8108, stack(0x000000ffe5c00000,0x000000ffe5d00000)]
  0x0000022ee7b21800 JavaThread "Cache worker for journal cache (C:\Users\HASAN\.gradle\caches\journal-1)" [_thread_blocked, id=17528, stack(0x000000ffe6800000,0x000000ffe6900000)]
  0x0000022ee7b27000 JavaThread "File lock request listener" [_thread_in_native, id=10660, stack(0x000000ffe6900000,0x000000ffe6a00000)]
  0x0000022ee7b22000 JavaThread "Cache worker for file hash cache (C:\Users\HASAN\.gradle\caches\7.4\fileHashes)" [_thread_blocked, id=10536, stack(0x000000ffe6a00000,0x000000ffe6b00000)]
  0x0000022ee7b24800 JavaThread "File watcher server" daemon [_thread_in_native, id=12884, stack(0x000000ffe7000000,0x000000ffe7100000)]
  0x0000022ee7b23000 JavaThread "File watcher consumer" daemon [_thread_blocked, id=17996, stack(0x000000ffe7100000,0x000000ffe7200000)]
  0x0000022ee8a87800 JavaThread "Cache worker for execution history cache (C:\Users\HASAN\.gradle\caches\7.4\executionHistory)" [_thread_blocked, id=15000, stack(0x000000ffe7700000,0x000000ffe7800000)]
  0x0000022ee8a8b000 JavaThread "jar transforms" [_thread_blocked, id=18880, stack(0x000000ffe7900000,0x000000ffe7a00000)]
  0x0000022ee8a86000 JavaThread "Cache worker for file content cache (C:\Users\HASAN\.gradle\caches\7.4\fileContent)" [_thread_blocked, id=20700, stack(0x000000ffe7a00000,0x000000ffe7b00000)]
  0x0000022ee8a8c800 JavaThread "jar transforms Thread 2" [_thread_blocked, id=16724, stack(0x000000ffe7b00000,0x000000ffe7c00000)]
  0x0000022ee8a87000 JavaThread "jar transforms Thread 3" [_thread_blocked, id=6288, stack(0x000000ffe7d00000,0x000000ffe7e00000)]
  0x0000022eeae1e800 JavaThread "jar transforms Thread 4" [_thread_blocked, id=20692, stack(0x000000ffecf00000,0x000000ffed000000)]
  0x0000022eeae1f000 JavaThread "jar transforms Thread 5" [_thread_blocked, id=12632, stack(0x000000ffed000000,0x000000ffed100000)]
  0x0000022eeae20000 JavaThread "jar transforms Thread 6" [_thread_blocked, id=17336, stack(0x000000ffed100000,0x000000ffed200000)]
  0x0000022eeae25000 JavaThread "jar transforms Thread 7" [_thread_blocked, id=7672, stack(0x000000ffed200000,0x000000ffed300000)]
  0x0000022eeae23800 JavaThread "jar transforms Thread 8" [_thread_blocked, id=19548, stack(0x000000ffed300000,0x000000ffed400000)]
  0x0000022eeae21000 JavaThread "Memory manager" [_thread_blocked, id=16768, stack(0x000000ffed400000,0x000000ffed500000)]
  0x0000022eeddb8800 JavaThread "pool-3-thread-1" [_thread_blocked, id=20760, stack(0x000000ffed600000,0x000000ffed700000)]
  0x0000022eeddbf000 JavaThread "Cache worker for Java compile cache (C:\Users\HASAN\.gradle\caches\7.4\javaCompile)" [_thread_blocked, id=16408, stack(0x000000ffee100000,0x000000ffee200000)]
  0x0000022ee8796000 JavaThread "ForkJoinPool.commonPool-worker-11" daemon [_thread_blocked, id=11356, stack(0x000000ffef500000,0x000000ffef600000)]
  0x0000022eeb00e800 JavaThread "pool-7-thread-1" [_thread_blocked, id=4148, stack(0x000000ffedb00000,0x000000ffedc00000)]
  0x0000022ee878f800 JavaThread "Daemon Thread 2" [_thread_blocked, id=21100, stack(0x000000ffe4700000,0x000000ffe4800000)]
  0x0000022ee878a800 JavaThread "Daemon worker Thread 2" [_thread_blocked, id=21004, stack(0x000000ffe6100000,0x000000ffe6200000)]
  0x0000022ee5cea800 JavaThread "pool-11-thread-1" [_thread_blocked, id=13012, stack(0x000000ffece00000,0x000000ffecf00000)]
  0x0000022eeba1b800 JavaThread "ForkJoinPool.commonPool-worker-1" daemon [_thread_blocked, id=12588, stack(0x000000ffefa00000,0x000000ffefb00000)]
  0x0000022eee008000 JavaThread "ForkJoinPool.commonPool-worker-3" daemon [_thread_blocked, id=15852, stack(0x000000ffefb00000,0x000000ffefc00000)]
  0x0000022eee00b000 JavaThread "ForkJoinPool.commonPool-worker-5" daemon [_thread_blocked, id=19448, stack(0x000000ffefc00000,0x000000ffefd00000)]
  0x0000022eee007000 JavaThread "ForkJoinPool.commonPool-worker-7" daemon [_thread_blocked, id=10220, stack(0x000000ffefd00000,0x000000ffefe00000)]
  0x0000022eee009800 JavaThread "ForkJoinPool.commonPool-worker-9" daemon [_thread_blocked, id=11736, stack(0x000000ffefe00000,0x000000ffeff00000)]
  0x0000022eee00c000 JavaThread "ForkJoinPool.commonPool-worker-13" daemon [_thread_blocked, id=21140, stack(0x000000ffeff00000,0x000000fff0000000)]
  0x0000022eeae24000 JavaThread "pool-16-thread-1" [_thread_blocked, id=17836, stack(0x000000ffed500000,0x000000ffed600000)]
  0x0000022ee8a8e000 JavaThread "included builds" [_thread_blocked, id=8300, stack(0x000000ffed900000,0x000000ffeda00000)]
  0x0000022ee5cee800 JavaThread "Handler for socket connection from /127.0.0.1:65291 to /127.0.0.1:49251" [_thread_in_native, id=21184, stack(0x000000ffe4800000,0x000000ffe4900000)]
  0x0000022ee5cef800 JavaThread "Cancel handler" [_thread_blocked, id=12040, stack(0x000000ffe4900000,0x000000ffe4a00000)]
  0x0000022ee5cf0800 JavaThread "Asynchronous log dispatcher for DefaultDaemonConnection: socket connection from /127.0.0.1:65291 to /127.0.0.1:49251" [_thread_blocked, id=9552, stack(0x000000ffe6200000,0x000000ffe6300000)]
  0x0000022ee5cf1000 JavaThread "Stdin handler" [_thread_blocked, id=7836, stack(0x000000ffe6300000,0x000000ffe6400000)]
  0x0000022ee5ceb800 JavaThread "Daemon client event forwarder" [_thread_blocked, id=13436, stack(0x000000ffe6400000,0x000000ffe6500000)]
  0x0000022ee5cf2000 JavaThread "Cache worker for checksums cache (D:\MyApp3\.gradle\7.4\checksums)" [_thread_blocked, id=13404, stack(0x000000ffe6500000,0x000000ffe6600000)]
  0x0000022ee5cec000 JavaThread "Cache worker for cache directory md-rule (C:\Users\HASAN\.gradle\caches\7.4\md-rule)" [_thread_blocked, id=18108, stack(0x000000ffe6600000,0x000000ffe6700000)]
  0x0000022ee5cf3000 JavaThread "Cache worker for file hash cache (D:\MyApp3\.gradle\7.4\fileHashes)" [_thread_blocked, id=816, stack(0x000000ffe6700000,0x000000ffe6800000)]
  0x0000022ee5ced000 JavaThread "Cache worker for cache directory md-supplier (C:\Users\HASAN\.gradle\caches\7.4\md-supplier)" [_thread_blocked, id=14812, stack(0x000000ffe7200000,0x000000ffe7300000)]
  0x0000022ee5cee000 JavaThread "Cache worker for dependencies-accessors (D:\MyApp3\.gradle\7.4\dependencies-accessors)" [_thread_blocked, id=17644, stack(0x000000ffe7300000,0x000000ffe7400000)]
  0x0000022ee5cf3800 JavaThread "Cache worker for Build Output Cleanup Cache (D:\MyApp3\.gradle\buildOutputCleanup)" [_thread_blocked, id=11212, stack(0x000000ffe7400000,0x000000ffe7500000)]
=>0x0000022ee6481000 JavaThread "C2 CompilerThread1" daemon [_thread_in_native, id=16492, stack(0x000000ffe7500000,0x000000ffe7600000)]
  0x0000022ee56b9800 JavaThread "C2 CompilerThread2" daemon [_thread_in_native, id=2448, stack(0x000000ffe7600000,0x000000ffe7700000)]
  0x0000022ee5cf8800 JavaThread "Unconstrained build operations" [_thread_blocked, id=20848, stack(0x000000ffe7c00000,0x000000ffe7d00000)]
  0x0000022ee5cf9800 JavaThread "Unconstrained build operations Thread 2" [_thread_blocked, id=12936, stack(0x000000ffe7e00000,0x000000ffe7f00000)]
  0x0000022ee5cf6000 JavaThread "Unconstrained build operations Thread 3" [_thread_blocked, id=18832, stack(0x000000ffe7f00000,0x000000ffe8000000)]
  0x0000022ee5cf7000 JavaThread "Unconstrained build operations Thread 4" [_thread_blocked, id=15036, stack(0x000000ffe8000000,0x000000ffe8100000)]
  0x0000022ee5cf5000 JavaThread "Unconstrained build operations Thread 5" [_thread_blocked, id=15608, stack(0x000000ffe8100000,0x000000ffe8200000)]
  0x0000022ee5cf4800 JavaThread "Unconstrained build operations Thread 6" [_thread_blocked, id=6284, stack(0x000000ffe8200000,0x000000ffe8300000)]
  0x0000022ee5cf7800 JavaThread "Unconstrained build operations Thread 7" [_thread_blocked, id=20748, stack(0x000000ffe8300000,0x000000ffe8400000)]
  0x0000022eeddb6000 JavaThread "Unconstrained build operations Thread 8" [_thread_blocked, id=13540, stack(0x000000ffe8400000,0x000000ffe8500000)]
  0x0000022eeddb5800 JavaThread "Unconstrained build operations Thread 9" [_thread_blocked, id=10348, stack(0x000000ffe8500000,0x000000ffe8600000)]
  0x0000022eeddb9800 JavaThread "Unconstrained build operations Thread 10" [_thread_blocked, id=2596, stack(0x000000ffe8600000,0x000000ffe8700000)]
  0x0000022eeddba000 JavaThread "Unconstrained build operations Thread 11" [_thread_blocked, id=9240, stack(0x000000ffe8700000,0x000000ffe8800000)]
  0x0000022eeddbb000 JavaThread "Unconstrained build operations Thread 12" [_thread_blocked, id=11524, stack(0x000000ffe8800000,0x000000ffe8900000)]
  0x0000022eeddbc800 JavaThread "Unconstrained build operations Thread 13" [_thread_blocked, id=21296, stack(0x000000ffe8900000,0x000000ffe8a00000)]
  0x0000022eeddb7000 JavaThread "Unconstrained build operations Thread 14" [_thread_blocked, id=15088, stack(0x000000ffe8a00000,0x000000ffe8b00000)]
  0x0000022eeddb7800 JavaThread "Unconstrained build operations Thread 15" [_thread_blocked, id=18036, stack(0x000000ffe8b00000,0x000000ffe8c00000)]
  0x0000022eeddc0000 JavaThread "Unconstrained build operations Thread 16" [_thread_blocked, id=10960, stack(0x000000ffe8c00000,0x000000ffe8d00000)]
  0x0000022eeddbd800 JavaThread "Unconstrained build operations Thread 17" [_thread_blocked, id=18484, stack(0x000000ffe8d00000,0x000000ffe8e00000)]
  0x0000022eeddbc000 JavaThread "Unconstrained build operations Thread 18" [_thread_blocked, id=10560, stack(0x000000ffe8e00000,0x000000ffe8f00000)]
  0x0000022eeddc0800 JavaThread "Unconstrained build operations Thread 19" [_thread_blocked, id=19332, stack(0x000000ffe8f00000,0x000000ffe9000000)]
  0x0000022eeddc3000 JavaThread "Unconstrained build operations Thread 20" [_thread_blocked, id=17448, stack(0x000000ffe9000000,0x000000ffe9100000)]
  0x0000022eeddbe800 JavaThread "Unconstrained build operations Thread 21" [_thread_blocked, id=15600, stack(0x000000ffe9100000,0x000000ffe9200000)]
  0x0000022eeddc1800 JavaThread "Unconstrained build operations Thread 22" [_thread_blocked, id=8568, stack(0x000000ffe9200000,0x000000ffe9300000)]
  0x0000022eeddc2800 JavaThread "Unconstrained build operations Thread 23" [_thread_blocked, id=20312, stack(0x000000ffe9300000,0x000000ffe9400000)]
  0x0000022eeddc4000 JavaThread "Unconstrained build operations Thread 24" [_thread_blocked, id=4640, stack(0x000000ffe9400000,0x000000ffe9500000)]
  0x0000022eeba12000 JavaThread "Unconstrained build operations Thread 25" [_thread_blocked, id=18496, stack(0x000000ffe9500000,0x000000ffe9600000)]
  0x0000022eeba0f800 JavaThread "Unconstrained build operations Thread 26" [_thread_blocked, id=13984, stack(0x000000ffe9600000,0x000000ffe9700000)]
  0x0000022eeba0e000 JavaThread "Unconstrained build operations Thread 27" [_thread_blocked, id=1296, stack(0x000000ffe9700000,0x000000ffe9800000)]
  0x0000022eeba12800 JavaThread "Unconstrained build operations Thread 28" [_thread_blocked, id=4608, stack(0x000000ffe9800000,0x000000ffe9900000)]
  0x0000022eeba0d000 JavaThread "Unconstrained build operations Thread 29" [_thread_blocked, id=11120, stack(0x000000ffe9900000,0x000000ffe9a00000)]
  0x0000022eeba13800 JavaThread "Unconstrained build operations Thread 30" [_thread_blocked, id=3328, stack(0x000000ffe9a00000,0x000000ffe9b00000)]
  0x0000022eeba10800 JavaThread "Unconstrained build operations Thread 31" [_thread_blocked, id=5076, stack(0x000000ffe9b00000,0x000000ffe9c00000)]
  0x0000022eeba14800 JavaThread "Unconstrained build operations Thread 32" [_thread_blocked, id=20296, stack(0x000000ffe9c00000,0x000000ffe9d00000)]
  0x0000022eeba0e800 JavaThread "Unconstrained build operations Thread 33" [_thread_blocked, id=18728, stack(0x000000ffe9d00000,0x000000ffe9e00000)]
  0x0000022eeba16000 JavaThread "Unconstrained build operations Thread 34" [_thread_blocked, id=20824, stack(0x000000ffe9e00000,0x000000ffe9f00000)]
  0x0000022eeba17000 JavaThread "Unconstrained build operations Thread 35" [_thread_blocked, id=18756, stack(0x000000ffe9f00000,0x000000ffea000000)]
  0x0000022eeba11000 JavaThread "Unconstrained build operations Thread 36" [_thread_blocked, id=6184, stack(0x000000ffea000000,0x000000ffea100000)]
  0x0000022eeba17800 JavaThread "Unconstrained build operations Thread 37" [_thread_blocked, id=624, stack(0x000000ffea100000,0x000000ffea200000)]
  0x0000022eeba18800 JavaThread "Unconstrained build operations Thread 38" [_thread_blocked, id=20696, stack(0x000000ffea200000,0x000000ffea300000)]
  0x0000022eeba19800 JavaThread "Unconstrained build operations Thread 39" [_thread_blocked, id=21452, stack(0x000000ffea300000,0x000000ffea400000)]
  0x0000022eeba1a000 JavaThread "Unconstrained build operations Thread 40" [_thread_blocked, id=10304, stack(0x000000ffea400000,0x000000ffea500000)]
  0x0000022ee878e800 JavaThread "Unconstrained build operations Thread 41" [_thread_blocked, id=16028, stack(0x000000ffea500000,0x000000ffea600000)]
  0x0000022ee878b800 JavaThread "Unconstrained build operations Thread 42" [_thread_blocked, id=19640, stack(0x000000ffea600000,0x000000ffea700000)]
  0x0000022ee878e000 JavaThread "Unconstrained build operations Thread 43" [_thread_blocked, id=21456, stack(0x000000ffea700000,0x000000ffea800000)]
  0x0000022ee878a000 JavaThread "Unconstrained build operations Thread 44" [_thread_blocked, id=17364, stack(0x000000ffea800000,0x000000ffea900000)]
  0x0000022ee8790800 JavaThread "Unconstrained build operations Thread 45" [_thread_blocked, id=21272, stack(0x000000ffea900000,0x000000ffeaa00000)]
  0x0000022ee878c000 JavaThread "Unconstrained build operations Thread 46" [_thread_blocked, id=11788, stack(0x000000ffeaa00000,0x000000ffeab00000)]
  0x0000022ee8792000 JavaThread "Unconstrained build operations Thread 47" [_thread_blocked, id=20420, stack(0x000000ffeab00000,0x000000ffeac00000)]
  0x0000022ee8791000 JavaThread "Unconstrained build operations Thread 48" [_thread_blocked, id=3264, stack(0x000000ffeac00000,0x000000ffead00000)]
  0x0000022ee8792800 JavaThread "Unconstrained build operations Thread 49" [_thread_blocked, id=19872, stack(0x000000ffead00000,0x000000ffeae00000)]
  0x0000022ee878d000 JavaThread "Unconstrained build operations Thread 50" [_thread_blocked, id=16772, stack(0x000000ffeae00000,0x000000ffeaf00000)]
  0x0000022ee8798800 JavaThread "Unconstrained build operations Thread 51" [_thread_blocked, id=13728, stack(0x000000ffeaf00000,0x000000ffeb000000)]
  0x0000022ee8797800 JavaThread "Unconstrained build operations Thread 52" [_thread_blocked, id=11160, stack(0x000000ffeb000000,0x000000ffeb100000)]
  0x0000022ee8797000 JavaThread "Unconstrained build operations Thread 53" [_thread_blocked, id=11532, stack(0x000000ffeb100000,0x000000ffeb200000)]
  0x0000022ee8793800 JavaThread "Unconstrained build operations Thread 54" [_thread_blocked, id=10968, stack(0x000000ffeb200000,0x000000ffeb300000)]
  0x0000022ee8794800 JavaThread "Unconstrained build operations Thread 55" [_thread_blocked, id=18672, stack(0x000000ffeb300000,0x000000ffeb400000)]
  0x0000022ee8795000 JavaThread "Unconstrained build operations Thread 56" [_thread_blocked, id=19468, stack(0x000000ffeb400000,0x000000ffeb500000)]
  0x0000022eee008800 JavaThread "Unconstrained build operations Thread 57" [_thread_blocked, id=16400, stack(0x000000ffeb500000,0x000000ffeb600000)]
  0x0000022eee006000 JavaThread "Unconstrained build operations Thread 58" [_thread_blocked, id=3672, stack(0x000000ffeb600000,0x000000ffeb700000)]
  0x0000022eee00d800 JavaThread "Unconstrained build operations Thread 59" [_thread_blocked, id=2624, stack(0x000000ffeb700000,0x000000ffeb800000)]
  0x0000022eee00e800 JavaThread "Unconstrained build operations Thread 60" [_thread_blocked, id=8156, stack(0x000000ffeb800000,0x000000ffeb900000)]
  0x0000022eee00c800 JavaThread "Unconstrained build operations Thread 61" [_thread_blocked, id=19988, stack(0x000000ffeb900000,0x000000ffeba00000)]
  0x0000022eee00f000 JavaThread "Unconstrained build operations Thread 62" [_thread_blocked, id=13392, stack(0x000000ffeba00000,0x000000ffebb00000)]
  0x0000022eee010000 JavaThread "Unconstrained build operations Thread 63" [_thread_blocked, id=20868, stack(0x000000ffebb00000,0x000000ffebc00000)]
  0x0000022eee00a800 JavaThread "Unconstrained build operations Thread 64" [_thread_blocked, id=11328, stack(0x000000ffebc00000,0x000000ffebd00000)]
  0x0000022eee012800 JavaThread "Unconstrained build operations Thread 65" [_thread_blocked, id=13448, stack(0x000000ffebd00000,0x000000ffebe00000)]
  0x0000022eee011000 JavaThread "Unconstrained build operations Thread 66" [_thread_blocked, id=5884, stack(0x000000ffebe00000,0x000000ffebf00000)]
  0x0000022eee015000 JavaThread "Unconstrained build operations Thread 67" [_thread_blocked, id=17084, stack(0x000000ffebf00000,0x000000ffec000000)]
  0x0000022eee011800 JavaThread "Unconstrained build operations Thread 68" [_thread_blocked, id=17840, stack(0x000000ffec000000,0x000000ffec100000)]
  0x0000022eee013000 JavaThread "Unconstrained build operations Thread 69" [_thread_blocked, id=1124, stack(0x000000ffec100000,0x000000ffec200000)]
  0x0000022eee014000 JavaThread "Unconstrained build operations Thread 70" [_thread_blocked, id=6172, stack(0x000000ffec200000,0x000000ffec300000)]
  0x0000022eeae18800 JavaThread "Unconstrained build operations Thread 71" [_thread_blocked, id=8636, stack(0x000000ffec300000,0x000000ffec400000)]
  0x0000022eeae17000 JavaThread "Unconstrained build operations Thread 72" [_thread_blocked, id=10236, stack(0x000000ffec400000,0x000000ffec500000)]
  0x0000022eeae1b000 JavaThread "Unconstrained build operations Thread 73" [_thread_blocked, id=9904, stack(0x000000ffec500000,0x000000ffec600000)]
  0x0000022eeae1c000 JavaThread "Unconstrained build operations Thread 74" [_thread_blocked, id=9572, stack(0x000000ffec600000,0x000000ffec700000)]
  0x0000022eeae16000 JavaThread "Unconstrained build operations Thread 75" [_thread_blocked, id=20988, stack(0x000000ffec700000,0x000000ffec800000)]
  0x0000022eeae1c800 JavaThread "Unconstrained build operations Thread 76" [_thread_blocked, id=4352, stack(0x000000ffec800000,0x000000ffec900000)]
  0x0000022eeae19800 JavaThread "Unconstrained build operations Thread 77" [_thread_blocked, id=11424, stack(0x000000ffec900000,0x000000ffeca00000)]
  0x0000022eeae1a800 JavaThread "Unconstrained build operations Thread 78" [_thread_blocked, id=8308, stack(0x000000ffeca00000,0x000000ffecb00000)]
  0x0000022eeae1d800 JavaThread "Unconstrained build operations Thread 79" [_thread_blocked, id=12500, stack(0x000000ffecb00000,0x000000ffecc00000)]
  0x0000022eeae18000 JavaThread "Unconstrained build operations Thread 80" [_thread_blocked, id=5072, stack(0x000000ffecc00000,0x000000ffecd00000)]

Other Threads:
  0x0000022ee53d7800 VMThread "VM Thread" [stack: 0x000000ffe5000000,0x000000ffe5100000] [id=4444] _threads_hazard_ptr=0x0000022eeb28eab0
  0x0000022ee55ef000 WatcherThread [stack: 0x000000ffe5a00000,0x000000ffe5b00000] [id=7176]
  0x0000022ec9f46800 GCTaskThread "GC Thread#0" [stack: 0x000000ffe4b00000,0x000000ffe4c00000] [id=19252]
  0x0000022ee63e2000 GCTaskThread "GC Thread#1" [stack: 0x000000ffe5d00000,0x000000ffe5e00000] [id=3620]
  0x0000022ee6239800 GCTaskThread "GC Thread#2" [stack: 0x000000ffe5e00000,0x000000ffe5f00000] [id=7264]
  0x0000022ee6257000 GCTaskThread "GC Thread#3" [stack: 0x000000ffe5f00000,0x000000ffe6000000] [id=2668]
  0x0000022ee81d6000 GCTaskThread "GC Thread#4" [stack: 0x000000ffe6b00000,0x000000ffe6c00000] [id=21068]
  0x0000022ee81d7000 GCTaskThread "GC Thread#5" [stack: 0x000000ffe6c00000,0x000000ffe6d00000] [id=20428]
  0x0000022ee81d2800 GCTaskThread "GC Thread#6" [stack: 0x000000ffe6d00000,0x000000ffe6e00000] [id=17536]
  0x0000022ee81d3000 GCTaskThread "GC Thread#7" [stack: 0x000000ffe6e00000,0x000000ffe6f00000] [id=16020]
  0x0000022ec9f78800 ConcurrentGCThread "G1 Main Marker" [stack: 0x000000ffe4c00000,0x000000ffe4d00000] [id=21224]
  0x0000022ec9f7a800 ConcurrentGCThread "G1 Conc#0" [stack: 0x000000ffe4d00000,0x000000ffe4e00000] [id=20996]
  0x0000022ee81d2000 ConcurrentGCThread "G1 Conc#1" [stack: 0x000000ffe6f00000,0x000000ffe7000000] [id=10004]
  0x0000022eca00e000 ConcurrentGCThread "G1 Refine#0" [stack: 0x000000ffe4e00000,0x000000ffe4f00000] [id=19012]
  0x0000022eead70000 ConcurrentGCThread "G1 Refine#1" [stack: 0x000000ffe7800000,0x000000ffe7900000] [id=14148]
  0x0000022eee18d000 ConcurrentGCThread "G1 Refine#2" [stack: 0x000000ffee200000,0x000000ffee300000] [id=11188]
  0x0000022eecae9800 ConcurrentGCThread "G1 Refine#3" [stack: 0x000000ffee300000,0x000000ffee400000] [id=14748]
  0x0000022ee4a12800 ConcurrentGCThread "G1 Young RemSet Sampling" [stack: 0x000000ffe4f00000,0x000000ffe5000000] [id=19116]

Threads with active compile tasks:
C2 CompilerThread0 842451 19759       4       org.gradle.api.internal.attributes.DefaultAttributesSchema$MergedSchema::matchValue (138 bytes)
C2 CompilerThread1 842451 19739       4       org.gradle.api.internal.artifacts.ivyservice.resolveengine.result.DesugaredAttributeContainerSerializer::read (155 bytes)
C2 CompilerThread2 842451 19762   !   4       org.gradle.internal.resources.AbstractTrackedResourceLock::tryLock (75 bytes)

VM state:at safepoint (normal execution)

VM Mutex/Monitor currently owned by a thread:  ([mutex/lock_event])
[0x0000022ec9f2a3b0] Threads_lock - owner thread: 0x0000022ee53d7800

Heap address: 0x0000000080000000, size: 2048 MB, Compressed Oops mode: 32-bit
Narrow klass base: 0x0000000000000000, Narrow klass shift: 3
Compressed class space size: 1073741824 Address: 0x0000000100000000

Heap:
 garbage-first heap   total 192512K, used 122330K [0x0000000080000000, 0x0000000100000000)
  region size 1024K, 6 young (6144K), 3 survivors (3072K)
 Metaspace       used 125596K, capacity 128948K, committed 129252K, reserved 1161216K
  class space    used 15607K, capacity 16872K, committed 17024K, reserved 1048576K
Heap Regions: E=young(eden), S=young(survivor), O=old, HS=humongous(starts), HC=humongous(continues), CS=collection set, F=free, A=archive, TAMS=top-at-mark-start (previous, next)
|   0|0x0000000080000000, 0x0000000080100000, 0x0000000080100000|100%| O|  |TAMS 0x0000000080100000, 0x0000000080000000| Untracked 
|   1|0x0000000080100000, 0x0000000080200000, 0x0000000080200000|100%| O|  |TAMS 0x0000000080200000, 0x0000000080100000| Untracked 
|   2|0x0000000080200000, 0x0000000080300000, 0x0000000080300000|100%| O|  |TAMS 0x0000000080300000, 0x0000000080200000| Untracked 
|   3|0x0000000080300000, 0x0000000080400000, 0x0000000080400000|100%|HS|  |TAMS 0x0000000080400000, 0x0000000080300000| Complete 
|   4|0x0000000080400000, 0x0000000080500000, 0x0000000080500000|100%|HC|  |TAMS 0x0000000080500000, 0x0000000080400000| Complete 
|   5|0x0000000080500000, 0x0000000080600000, 0x0000000080600000|100%|HC|  |TAMS 0x0000000080600000, 0x0000000080500000| Complete 
|   6|0x0000000080600000, 0x0000000080700000, 0x0000000080700000|100%| O|  |TAMS 0x0000000080700000, 0x0000000080600000| Untracked 
|   7|0x0000000080700000, 0x0000000080800000, 0x0000000080800000|100%| O|  |TAMS 0x0000000080800000, 0x0000000080700000| Untracked 
|   8|0x0000000080800000, 0x0000000080900000, 0x0000000080900000|100%| O|  |TAMS 0x0000000080900000, 0x0000000080800000| Untracked 
|   9|0x0000000080900000, 0x0000000080a00000, 0x0000000080a00000|100%| O|  |TAMS 0x0000000080a00000, 0x0000000080900000| Untracked 
|  10|0x0000000080a00000, 0x0000000080b00000, 0x0000000080b00000|100%| O|  |TAMS 0x0000000080b00000, 0x0000000080a00000| Untracked 
|  11|0x0000000080b00000, 0x0000000080c00000, 0x0000000080c00000|100%| O|  |TAMS 0x0000000080c00000, 0x0000000080b00000| Untracked 
|  12|0x0000000080c00000, 0x0000000080d00000, 0x0000000080d00000|100%| O|  |TAMS 0x0000000080d00000, 0x0000000080c00000| Untracked 
|  13|0x0000000080d00000, 0x0000000080e00000, 0x0000000080e00000|100%| O|  |TAMS 0x0000000080e00000, 0x0000000080d00000| Untracked 
|  14|0x0000000080e00000, 0x0000000080f00000, 0x0000000080f00000|100%| O|  |TAMS 0x0000000080f00000, 0x0000000080e00000| Untracked 
|  15|0x0000000080f00000, 0x0000000081000000, 0x0000000081000000|100%| O|  |TAMS 0x0000000081000000, 0x0000000080f00000| Untracked 
|  16|0x0000000081000000, 0x0000000081100000, 0x0000000081100000|100%| O|  |TAMS 0x0000000081100000, 0x0000000081000000| Untracked 
|  17|0x0000000081100000, 0x0000000081200000, 0x0000000081200000|100%|HS|  |TAMS 0x0000000081200000, 0x0000000081100000| Complete 
|  18|0x0000000081200000, 0x0000000081300000, 0x0000000081300000|100%|HS|  |TAMS 0x0000000081300000, 0x0000000081200000| Complete 
|  19|0x0000000081300000, 0x0000000081400000, 0x0000000081400000|100%| O|  |TAMS 0x0000000081400000, 0x0000000081300000| Untracked 
|  20|0x0000000081400000, 0x0000000081500000, 0x0000000081500000|100%|HS|  |TAMS 0x0000000081500000, 0x0000000081400000| Complete 
|  21|0x0000000081500000, 0x0000000081600000, 0x0000000081600000|100%|HC|  |TAMS 0x0000000081600000, 0x0000000081500000| Complete 
|  22|0x0000000081600000, 0x0000000081700000, 0x0000000081700000|100%| O|  |TAMS 0x0000000081700000, 0x0000000081600000| Untracked 
|  23|0x0000000081700000, 0x0000000081800000, 0x0000000081800000|100%| O|  |TAMS 0x0000000081800000, 0x0000000081700000| Untracked 
|  24|0x0000000081800000, 0x0000000081900000, 0x0000000081900000|100%| O|  |TAMS 0x0000000081900000, 0x0000000081800000| Untracked 
|  25|0x0000000081900000, 0x0000000081a00000, 0x0000000081a00000|100%| O|  |TAMS 0x0000000081a00000, 0x0000000081900000| Untracked 
|  26|0x0000000081a00000, 0x0000000081b00000, 0x0000000081b00000|100%| O|  |TAMS 0x0000000081b00000, 0x0000000081a00000| Untracked 
|  27|0x0000000081b00000, 0x0000000081c00000, 0x0000000081c00000|100%| O|  |TAMS 0x0000000081c00000, 0x0000000081b00000| Complete 
|  28|0x0000000081c00000, 0x0000000081d00000, 0x0000000081d00000|100%| O|  |TAMS 0x0000000081d00000, 0x0000000081c00000| Untracked 
|  29|0x0000000081d00000, 0x0000000081e00000, 0x0000000081e00000|100%| O|  |TAMS 0x0000000081e00000, 0x0000000081d00000| Untracked 
|  30|0x0000000081e00000, 0x0000000081f00000, 0x0000000081f00000|100%| O|  |TAMS 0x0000000081f00000, 0x0000000081e00000| Complete 
|  31|0x0000000081f00000, 0x0000000082000000, 0x0000000082000000|100%| O|  |TAMS 0x0000000082000000, 0x0000000081f00000| Complete 
|  32|0x0000000082000000, 0x0000000082100000, 0x0000000082100000|100%| O|  |TAMS 0x0000000082100000, 0x0000000082000000| Complete 
|  33|0x0000000082100000, 0x0000000082200000, 0x0000000082200000|100%| O|  |TAMS 0x0000000082200000, 0x0000000082100000| Untracked 
|  34|0x0000000082200000, 0x0000000082300000, 0x0000000082300000|100%| O|  |TAMS 0x0000000082300000, 0x0000000082200000| Untracked 
|  35|0x0000000082300000, 0x0000000082400000, 0x0000000082400000|100%| O|  |TAMS 0x0000000082400000, 0x0000000082300000| Untracked 
|  36|0x0000000082400000, 0x0000000082500000, 0x0000000082500000|100%| O|  |TAMS 0x0000000082500000, 0x0000000082400000| Complete 
|  37|0x0000000082500000, 0x0000000082600000, 0x0000000082600000|100%| O|  |TAMS 0x0000000082600000, 0x0000000082500000| Complete 
|  38|0x0000000082600000, 0x0000000082700000, 0x0000000082700000|100%| O|  |TAMS 0x0000000082700000, 0x0000000082600000| Untracked 
|  39|0x0000000082700000, 0x0000000082800000, 0x0000000082800000|100%| O|  |TAMS 0x0000000082800000, 0x0000000082700000| Complete 
|  40|0x0000000082800000, 0x0000000082900000, 0x0000000082900000|100%| O|  |TAMS 0x0000000082900000, 0x0000000082800000| Untracked 
|  41|0x0000000082900000, 0x0000000082a00000, 0x0000000082a00000|100%| O|  |TAMS 0x0000000082a00000, 0x0000000082900000| Untracked 
|  42|0x0000000082a00000, 0x0000000082b00000, 0x0000000082b00000|100%| O|  |TAMS 0x0000000082b00000, 0x0000000082a00000| Untracked 
|  43|0x0000000082b00000, 0x0000000082c00000, 0x0000000082c00000|100%| O|  |TAMS 0x0000000082c00000, 0x0000000082b00000| Complete 
|  44|0x0000000082c00000, 0x0000000082d00000, 0x0000000082d00000|100%| O|  |TAMS 0x0000000082d00000, 0x0000000082c00000| Untracked 
|  45|0x0000000082d00000, 0x0000000082e00000, 0x0000000082e00000|100%| O|  |TAMS 0x0000000082e00000, 0x0000000082d00000| Untracked 
|  46|0x0000000082e00000, 0x0000000082f00000, 0x0000000082f00000|100%| O|  |TAMS 0x0000000082f00000, 0x0000000082e00000| Untracked 
|  47|0x0000000082f00000, 0x0000000083000000, 0x0000000083000000|100%| O|  |TAMS 0x0000000083000000, 0x0000000082f00000| Untracked 
|  48|0x0000000083000000, 0x0000000083100000, 0x0000000083100000|100%| O|  |TAMS 0x0000000083100000, 0x0000000083000000| Complete 
|  49|0x0000000083100000, 0x0000000083200000, 0x0000000083200000|100%| O|  |TAMS 0x0000000083200000, 0x0000000083100000| Untracked 
|  50|0x0000000083200000, 0x0000000083300000, 0x0000000083300000|100%| O|  |TAMS 0x0000000083300000, 0x0000000083200000| Untracked 
|  51|0x0000000083300000, 0x0000000083400000, 0x0000000083400000|100%| O|  |TAMS 0x0000000083400000, 0x0000000083300000| Complete 
|  52|0x0000000083400000, 0x0000000083500000, 0x0000000083500000|100%| O|  |TAMS 0x0000000083500000, 0x0000000083400000| Complete 
|  53|0x0000000083500000, 0x0000000083600000, 0x0000000083600000|100%| O|  |TAMS 0x0000000083600000, 0x0000000083500000| Untracked 
|  54|0x0000000083600000, 0x0000000083700000, 0x0000000083700000|100%| O|  |TAMS 0x0000000083700000, 0x0000000083600000| Untracked 
|  55|0x0000000083700000, 0x0000000083800000, 0x0000000083800000|100%| O|  |TAMS 0x0000000083800000, 0x0000000083700000| Complete 
|  56|0x0000000083800000, 0x0000000083900000, 0x0000000083900000|100%| O|  |TAMS 0x0000000083900000, 0x0000000083800000| Untracked 
|  57|0x0000000083900000, 0x0000000083a00000, 0x0000000083a00000|100%| O|  |TAMS 0x0000000083a00000, 0x0000000083900000| Untracked 
|  58|0x0000000083a00000, 0x0000000083b00000, 0x0000000083b00000|100%| O|  |TAMS 0x0000000083b00000, 0x0000000083a00000| Untracked 
|  59|0x0000000083b00000, 0x0000000083c00000, 0x0000000083c00000|100%| O|  |TAMS 0x0000000083c00000, 0x0000000083b00000| Untracked 
|  60|0x0000000083c00000, 0x0000000083d00000, 0x0000000083d00000|100%| O|  |TAMS 0x0000000083d00000, 0x0000000083c00000| Untracked 
|  61|0x0000000083d00000, 0x0000000083e00000, 0x0000000083e00000|100%| O|  |TAMS 0x0000000083e00000, 0x0000000083d00000| Complete 
|  62|0x0000000083e00000, 0x0000000083f00000, 0x0000000083f00000|100%| O|  |TAMS 0x0000000083f00000, 0x0000000083e00000| Complete 
|  63|0x0000000083f00000, 0x0000000084000000, 0x0000000084000000|100%| O|  |TAMS 0x0000000084000000, 0x0000000083f00000| Complete 
|  64|0x0000000084000000, 0x0000000084100000, 0x0000000084100000|100%| O|  |TAMS 0x0000000084100000, 0x0000000084000000| Complete 
|  65|0x0000000084100000, 0x0000000084200000, 0x0000000084200000|100%| O|  |TAMS 0x0000000084200000, 0x0000000084100000| Complete 
|  66|0x0000000084200000, 0x0000000084300000, 0x0000000084300000|100%| O|  |TAMS 0x0000000084300000, 0x0000000084200000| Complete 
|  67|0x0000000084300000, 0x0000000084400000, 0x0000000084400000|100%| O|  |TAMS 0x0000000084400000, 0x0000000084300000| Complete 
|  68|0x0000000084400000, 0x0000000084500000, 0x0000000084500000|100%| O|  |TAMS 0x0000000084500000, 0x0000000084400000| Complete 
|  69|0x0000000084500000, 0x0000000084600000, 0x0000000084600000|100%| O|  |TAMS 0x0000000084600000, 0x0000000084500000| Complete 
|  70|0x0000000084600000, 0x0000000084700000, 0x0000000084700000|100%| O|  |TAMS 0x0000000084700000, 0x0000000084600000| Complete 
|  71|0x0000000084700000, 0x0000000084800000, 0x0000000084800000|100%| O|  |TAMS 0x0000000084800000, 0x0000000084700000| Complete 
|  72|0x0000000084800000, 0x0000000084900000, 0x0000000084900000|100%| O|  |TAMS 0x0000000084900000, 0x0000000084800000| Untracked 
|  73|0x0000000084900000, 0x0000000084a00000, 0x0000000084a00000|100%| O|  |TAMS 0x0000000084a00000, 0x0000000084900000| Untracked 
|  74|0x0000000084a00000, 0x0000000084b00000, 0x0000000084b00000|100%| O|  |TAMS 0x0000000084b00000, 0x0000000084a00000| Untracked 
|  75|0x0000000084b00000, 0x0000000084c00000, 0x0000000084c00000|100%| O|  |TAMS 0x0000000084c00000, 0x0000000084b00000| Complete 
|  76|0x0000000084c00000, 0x0000000084d00000, 0x0000000084d00000|100%| O|  |TAMS 0x0000000084d00000, 0x0000000084c00000| Complete 
|  77|0x0000000084d00000, 0x0000000084d00000, 0x0000000084e00000|  0%| F|  |TAMS 0x0000000084d00000, 0x0000000084d00000| Untracked 
|  78|0x0000000084e00000, 0x0000000084e00000, 0x0000000084f00000|  0%| F|  |TAMS 0x0000000084e00000, 0x0000000084e00000| Untracked 
|  79|0x0000000084f00000, 0x0000000085000000, 0x0000000085000000|100%| O|  |TAMS 0x0000000085000000, 0x0000000084f00000| Complete 
|  80|0x0000000085000000, 0x0000000085100000, 0x0000000085100000|100%|HS|  |TAMS 0x0000000085100000, 0x0000000085000000| Complete 
|  81|0x0000000085100000, 0x0000000085200000, 0x0000000085200000|100%|HC|  |TAMS 0x0000000085200000, 0x0000000085100000| Complete 
|  82|0x0000000085200000, 0x0000000085300000, 0x0000000085300000|100%| O|  |TAMS 0x0000000085300000, 0x0000000085200000| Complete 
|  83|0x0000000085300000, 0x0000000085400000, 0x0000000085400000|100%| O|  |TAMS 0x0000000085400000, 0x0000000085300000| Complete 
|  84|0x0000000085400000, 0x0000000085500000, 0x0000000085500000|100%| O|  |TAMS 0x0000000085500000, 0x0000000085400000| Complete 
|  85|0x0000000085500000, 0x0000000085600000, 0x0000000085600000|100%| O|  |TAMS 0x0000000085600000, 0x0000000085500000| Complete 
|  86|0x0000000085600000, 0x0000000085700000, 0x0000000085700000|100%| O|  |TAMS 0x0000000085700000, 0x0000000085600000| Complete 
|  87|0x0000000085700000, 0x0000000085800000, 0x0000000085800000|100%| O|  |TAMS 0x0000000085800000, 0x0000000085700000| Complete 
|  88|0x0000000085800000, 0x0000000085900000, 0x0000000085900000|100%| O|  |TAMS 0x0000000085900000, 0x0000000085800000| Untracked 
|  89|0x0000000085900000, 0x0000000085a00000, 0x0000000085a00000|100%| O|  |TAMS 0x0000000085a00000, 0x0000000085900000| Untracked 
|  90|0x0000000085a00000, 0x0000000085b00000, 0x0000000085b00000|100%| O|  |TAMS 0x0000000085b00000, 0x0000000085a00000| Complete 
|  91|0x0000000085b00000, 0x0000000085c00000, 0x0000000085c00000|100%| O|  |TAMS 0x0000000085c00000, 0x0000000085b00000| Untracked 
|  92|0x0000000085c00000, 0x0000000085d00000, 0x0000000085d00000|100%| O|  |TAMS 0x0000000085d00000, 0x0000000085c00000| Complete 
|  93|0x0000000085d00000, 0x0000000085e00000, 0x0000000085e00000|100%| O|  |TAMS 0x0000000085e00000, 0x0000000085d00000| Complete 
|  94|0x0000000085e00000, 0x0000000085f00000, 0x0000000085f00000|100%| O|  |TAMS 0x0000000085f00000, 0x0000000085e00000| Complete 
|  95|0x0000000085f00000, 0x0000000086000000, 0x0000000086000000|100%| O|  |TAMS 0x0000000086000000, 0x0000000085f00000| Complete 
|  96|0x0000000086000000, 0x0000000086100000, 0x0000000086100000|100%| O|  |TAMS 0x0000000086100000, 0x0000000086000000| Untracked 
|  97|0x0000000086100000, 0x0000000086200000, 0x0000000086200000|100%| O|  |TAMS 0x0000000086200000, 0x0000000086100000| Complete 
|  98|0x0000000086200000, 0x0000000086300000, 0x0000000086300000|100%| O|  |TAMS 0x0000000086300000, 0x0000000086200000| Untracked 
|  99|0x0000000086300000, 0x0000000086400000, 0x0000000086400000|100%| O|  |TAMS 0x0000000086400000, 0x0000000086300000| Complete 
| 100|0x0000000086400000, 0x0000000086500000, 0x0000000086500000|100%| O|  |TAMS 0x0000000086500000, 0x0000000086400000| Complete 
| 101|0x0000000086500000, 0x0000000086600000, 0x0000000086600000|100%| O|  |TAMS 0x0000000086600000, 0x0000000086500000| Complete 
| 102|0x0000000086600000, 0x0000000086600000, 0x0000000086700000|  0%| F|  |TAMS 0x0000000086600000, 0x0000000086600000| Untracked 
| 103|0x0000000086700000, 0x0000000086800000, 0x0000000086800000|100%| O|  |TAMS 0x0000000086800000, 0x0000000086700000| Complete 
| 104|0x0000000086800000, 0x0000000086900000, 0x0000000086900000|100%| O|  |TAMS 0x0000000086900000, 0x0000000086800000| Complete 
| 105|0x0000000086900000, 0x0000000086a00000, 0x0000000086a00000|100%| O|  |TAMS 0x0000000086a00000, 0x0000000086900000| Complete 
| 106|0x0000000086a00000, 0x0000000086b00000, 0x0000000086b00000|100%| O|  |TAMS 0x0000000086b00000, 0x0000000086a00000| Complete 
| 107|0x0000000086b00000, 0x0000000086c00000, 0x0000000086c00000|100%| O|  |TAMS 0x0000000086c00000, 0x0000000086b00000| Complete 
| 108|0x0000000086c00000, 0x0000000086d00000, 0x0000000086d00000|100%| O|  |TAMS 0x0000000086d00000, 0x0000000086c00000| Complete 
| 109|0x0000000086d00000, 0x0000000086e00000, 0x0000000086e00000|100%| O|  |TAMS 0x0000000086d3f000, 0x0000000086d00000| Untracked 
| 110|0x0000000086e00000, 0x0000000086e00000, 0x0000000086f00000|  0%| F|  |TAMS 0x0000000086e00000, 0x0000000086e00000| Untracked 
| 111|0x0000000086f00000, 0x0000000086f00000, 0x0000000087000000|  0%| F|  |TAMS 0x0000000086f00000, 0x0000000086f00000| Untracked 
| 112|0x0000000087000000, 0x0000000087100000, 0x0000000087100000|100%| O|  |TAMS 0x0000000087100000, 0x0000000087000000| Complete 
| 113|0x0000000087100000, 0x0000000087200000, 0x0000000087200000|100%| O|  |TAMS 0x0000000087200000, 0x0000000087100000| Complete 
| 114|0x0000000087200000, 0x0000000087300000, 0x0000000087300000|100%| O|  |TAMS 0x0000000087300000, 0x0000000087200000| Complete 
| 115|0x0000000087300000, 0x0000000087400000, 0x0000000087400000|100%| O|  |TAMS 0x0000000087400000, 0x0000000087300000| Complete 
| 116|0x0000000087400000, 0x0000000087500000, 0x0000000087500000|100%| O|  |TAMS 0x0000000087500000, 0x0000000087400000| Complete 
| 117|0x0000000087500000, 0x0000000087500000, 0x0000000087600000|  0%| F|  |TAMS 0x0000000087500000, 0x0000000087500000| Untracked 
| 118|0x0000000087600000, 0x0000000087600000, 0x0000000087700000|  0%| F|  |TAMS 0x0000000087600000, 0x0000000087600000| Untracked 
| 119|0x0000000087700000, 0x0000000087700000, 0x0000000087800000|  0%| F|  |TAMS 0x0000000087700000, 0x0000000087700000| Untracked 
| 120|0x0000000087800000, 0x0000000087800000, 0x0000000087900000|  0%| F|  |TAMS 0x0000000087800000, 0x0000000087800000| Untracked 
| 121|0x0000000087900000, 0x0000000087900000, 0x0000000087a00000|  0%| F|  |TAMS 0x0000000087900000, 0x0000000087900000| Untracked 
| 122|0x0000000087a00000, 0x0000000087a00000, 0x0000000087b00000|  0%| F|  |TAMS 0x0000000087a00000, 0x0000000087a00000| Untracked 
| 123|0x0000000087b00000, 0x0000000087c00000, 0x0000000087c00000|100%| O|  |TAMS 0x0000000087b00000, 0x0000000087b00000| Untracked 
| 124|0x0000000087c00000, 0x0000000087d00000, 0x0000000087d00000|100%| O|  |TAMS 0x0000000087c00000, 0x0000000087c00000| Untracked 
| 125|0x0000000087d00000, 0x0000000087e00000, 0x0000000087e00000|100%| O|  |TAMS 0x0000000087d00000, 0x0000000087d00000| Untracked 
| 126|0x0000000087e00000, 0x0000000087f00000, 0x0000000087f00000|100%| O|  |TAMS 0x0000000087e00000, 0x0000000087e00000| Untracked 
| 127|0x0000000087f00000, 0x0000000087f3aa00, 0x0000000088000000| 22%| O|  |TAMS 0x0000000087f00000, 0x0000000087f00000| Untracked 
| 128|0x0000000088000000, 0x0000000088000000, 0x0000000088100000|  0%| F|  |TAMS 0x0000000088000000, 0x0000000088000000| Untracked 
| 129|0x0000000088100000, 0x0000000088100000, 0x0000000088200000|  0%| F|  |TAMS 0x0000000088100000, 0x0000000088100000| Untracked 
| 130|0x0000000088200000, 0x0000000088200000, 0x0000000088300000|  0%| F|  |TAMS 0x0000000088200000, 0x0000000088200000| Untracked 
| 131|0x0000000088300000, 0x0000000088300000, 0x0000000088400000|  0%| F|  |TAMS 0x0000000088300000, 0x0000000088300000| Untracked 
| 132|0x0000000088400000, 0x0000000088400000, 0x0000000088500000|  0%| F|  |TAMS 0x0000000088400000, 0x0000000088400000| Untracked 
| 133|0x0000000088500000, 0x0000000088500000, 0x0000000088600000|  0%| F|  |TAMS 0x0000000088500000, 0x0000000088500000| Untracked 
| 134|0x0000000088600000, 0x0000000088600000, 0x0000000088700000|  0%| F|  |TAMS 0x0000000088600000, 0x0000000088600000| Untracked 
| 135|0x0000000088700000, 0x0000000088700000, 0x0000000088800000|  0%| F|  |TAMS 0x0000000088700000, 0x0000000088700000| Untracked 
| 136|0x0000000088800000, 0x0000000088800000, 0x0000000088900000|  0%| F|  |TAMS 0x0000000088800000, 0x0000000088800000| Untracked 
| 137|0x0000000088900000, 0x0000000088900000, 0x0000000088a00000|  0%| F|  |TAMS 0x0000000088900000, 0x0000000088900000| Untracked 
| 138|0x0000000088a00000, 0x0000000088a00000, 0x0000000088b00000|  0%| F|  |TAMS 0x0000000088a00000, 0x0000000088a00000| Untracked 
| 139|0x0000000088b00000, 0x0000000088b00000, 0x0000000088c00000|  0%| F|  |TAMS 0x0000000088b00000, 0x0000000088b00000| Untracked 
| 140|0x0000000088c00000, 0x0000000088c00000, 0x0000000088d00000|  0%| F|  |TAMS 0x0000000088c00000, 0x0000000088c00000| Untracked 
| 141|0x0000000088d00000, 0x0000000088d00000, 0x0000000088e00000|  0%| F|  |TAMS 0x0000000088d00000, 0x0000000088d00000| Untracked 
| 142|0x0000000088e00000, 0x0000000088e00000, 0x0000000088f00000|  0%| F|  |TAMS 0x0000000088e00000, 0x0000000088e00000| Untracked 
| 143|0x0000000088f00000, 0x0000000088f00000, 0x0000000089000000|  0%| F|  |TAMS 0x0000000088f00000, 0x0000000088f00000| Untracked 
| 144|0x0000000089000000, 0x0000000089000000, 0x0000000089100000|  0%| F|  |TAMS 0x0000000089000000, 0x0000000089000000| Untracked 
| 145|0x0000000089100000, 0x0000000089100000, 0x0000000089200000|  0%| F|  |TAMS 0x0000000089100000, 0x0000000089100000| Untracked 
| 146|0x0000000089200000, 0x0000000089200000, 0x0000000089300000|  0%| F|  |TAMS 0x0000000089200000, 0x0000000089200000| Untracked 
| 147|0x0000000089300000, 0x0000000089300000, 0x0000000089400000|  0%| F|  |TAMS 0x0000000089300000, 0x0000000089300000| Untracked 
| 148|0x0000000089400000, 0x0000000089400000, 0x0000000089500000|  0%| F|  |TAMS 0x0000000089400000, 0x0000000089400000| Untracked 
| 149|0x0000000089500000, 0x0000000089500000, 0x0000000089600000|  0%| F|  |TAMS 0x0000000089500000, 0x0000000089500000| Untracked 
| 150|0x0000000089600000, 0x0000000089600000, 0x0000000089700000|  0%| F|  |TAMS 0x0000000089600000, 0x0000000089600000| Untracked 
| 151|0x0000000089700000, 0x0000000089700000, 0x0000000089800000|  0%| F|  |TAMS 0x0000000089700000, 0x0000000089700000| Untracked 
| 152|0x0000000089800000, 0x0000000089800000, 0x0000000089900000|  0%| F|  |TAMS 0x0000000089800000, 0x0000000089800000| Untracked 
| 153|0x0000000089900000, 0x000000008993c100, 0x0000000089a00000| 23%| S|CS|TAMS 0x0000000089900000, 0x0000000089900000| Complete 
| 154|0x0000000089a00000, 0x0000000089b00000, 0x0000000089b00000|100%| S|CS|TAMS 0x0000000089a00000, 0x0000000089a00000| Complete 
| 155|0x0000000089b00000, 0x0000000089c00000, 0x0000000089c00000|100%| S|CS|TAMS 0x0000000089b00000, 0x0000000089b00000| Complete 
| 156|0x0000000089c00000, 0x0000000089c00000, 0x0000000089d00000|  0%| F|  |TAMS 0x0000000089c00000, 0x0000000089c00000| Untracked 
| 157|0x0000000089d00000, 0x0000000089d00000, 0x0000000089e00000|  0%| F|  |TAMS 0x0000000089d00000, 0x0000000089d00000| Untracked 
| 158|0x0000000089e00000, 0x0000000089e00000, 0x0000000089f00000|  0%| F|  |TAMS 0x0000000089e00000, 0x0000000089e00000| Untracked 
| 159|0x0000000089f00000, 0x0000000089f00000, 0x000000008a000000|  0%| F|  |TAMS 0x0000000089f00000, 0x0000000089f00000| Untracked 
| 160|0x000000008a000000, 0x000000008a000000, 0x000000008a100000|  0%| F|  |TAMS 0x000000008a000000, 0x000000008a000000| Untracked 
| 161|0x000000008a100000, 0x000000008a100000, 0x000000008a200000|  0%| F|  |TAMS 0x000000008a100000, 0x000000008a100000| Untracked 
| 162|0x000000008a200000, 0x000000008a200000, 0x000000008a300000|  0%| F|  |TAMS 0x000000008a200000, 0x000000008a200000| Untracked 
| 163|0x000000008a300000, 0x000000008a300000, 0x000000008a400000|  0%| F|  |TAMS 0x000000008a300000, 0x000000008a300000| Untracked 
| 164|0x000000008a400000, 0x000000008a400000, 0x000000008a500000|  0%| F|  |TAMS 0x000000008a400000, 0x000000008a400000| Untracked 
| 165|0x000000008a500000, 0x000000008a500000, 0x000000008a600000|  0%| F|  |TAMS 0x000000008a500000, 0x000000008a500000| Untracked 
| 166|0x000000008a600000, 0x000000008a600000, 0x000000008a700000|  0%| F|  |TAMS 0x000000008a600000, 0x000000008a600000| Untracked 
| 167|0x000000008a700000, 0x000000008a700000, 0x000000008a800000|  0%| F|  |TAMS 0x000000008a700000, 0x000000008a700000| Untracked 
| 168|0x000000008a800000, 0x000000008a800000, 0x000000008a900000|  0%| F|  |TAMS 0x000000008a800000, 0x000000008a800000| Untracked 
| 169|0x000000008a900000, 0x000000008a900000, 0x000000008aa00000|  0%| F|  |TAMS 0x000000008a900000, 0x000000008a900000| Untracked 
| 170|0x000000008aa00000, 0x000000008aa00000, 0x000000008ab00000|  0%| F|  |TAMS 0x000000008aa00000, 0x000000008aa00000| Untracked 
| 171|0x000000008ab00000, 0x000000008ab00000, 0x000000008ac00000|  0%| F|  |TAMS 0x000000008ab00000, 0x000000008ab00000| Untracked 
| 172|0x000000008ac00000, 0x000000008ac00000, 0x000000008ad00000|  0%| F|  |TAMS 0x000000008ac00000, 0x000000008ac00000| Untracked 
| 173|0x000000008ad00000, 0x000000008ad00000, 0x000000008ae00000|  0%| F|  |TAMS 0x000000008ad00000, 0x000000008ad00000| Untracked 
| 174|0x000000008ae00000, 0x000000008ae00000, 0x000000008af00000|  0%| F|  |TAMS 0x000000008ae00000, 0x000000008ae00000| Untracked 
| 175|0x000000008af00000, 0x000000008af00000, 0x000000008b000000|  0%| F|  |TAMS 0x000000008af00000, 0x000000008af00000| Untracked 
| 176|0x000000008b000000, 0x000000008b000000, 0x000000008b100000|  0%| F|  |TAMS 0x000000008b000000, 0x000000008b000000| Untracked 
| 177|0x000000008b100000, 0x000000008b100000, 0x000000008b200000|  0%| F|  |TAMS 0x000000008b100000, 0x000000008b100000| Untracked 
| 178|0x000000008b200000, 0x000000008b200000, 0x000000008b300000|  0%| F|  |TAMS 0x000000008b200000, 0x000000008b200000| Untracked 
| 179|0x000000008b300000, 0x000000008b300000, 0x000000008b400000|  0%| F|  |TAMS 0x000000008b300000, 0x000000008b300000| Untracked 
| 180|0x000000008b400000, 0x000000008b400000, 0x000000008b500000|  0%| F|  |TAMS 0x000000008b400000, 0x000000008b400000| Untracked 
| 181|0x000000008b500000, 0x000000008b500000, 0x000000008b600000|  0%| F|  |TAMS 0x000000008b500000, 0x000000008b500000| Untracked 
| 182|0x000000008b600000, 0x000000008b600000, 0x000000008b700000|  0%| F|  |TAMS 0x000000008b600000, 0x000000008b600000| Untracked 
| 183|0x000000008b700000, 0x000000008b700000, 0x000000008b800000|  0%| F|  |TAMS 0x000000008b700000, 0x000000008b700000| Untracked 
| 184|0x000000008b800000, 0x000000008b800000, 0x000000008b900000|  0%| F|  |TAMS 0x000000008b800000, 0x000000008b800000| Untracked 
| 185|0x000000008b900000, 0x000000008b928928, 0x000000008ba00000| 15%| E|  |TAMS 0x000000008b900000, 0x000000008b900000| Complete 
| 186|0x000000008ba00000, 0x000000008bb00000, 0x000000008bb00000|100%| E|  |TAMS 0x000000008ba00000, 0x000000008ba00000| Complete 
| 187|0x000000008bb00000, 0x000000008bc00000, 0x000000008bc00000|100%| E|CS|TAMS 0x000000008bb00000, 0x000000008bb00000| Complete 

Card table byte_map: [0x0000022edd8c0000,0x0000022eddcc0000] _byte_map_base: 0x0000022edd4c0000

Marking Bits (Prev, Next): (CMBitMap*) 0x0000022ec9f6fc70, (CMBitMap*) 0x0000022ec9f6fc38
 Prev Bits: [0x0000022ee00c0000, 0x0000022ee20c0000)
 Next Bits: [0x0000022ede0c0000, 0x0000022ee00c0000)

Polling page: 0x0000022ec86e0000

Metaspace:

Usage:
  Non-class:    109.45 MB capacity,   107.41 MB ( 98%) used,     1.63 MB (  1%) free+waste,   414.88 KB ( <1%) overhead. 
      Class:     16.48 MB capacity,    15.24 MB ( 93%) used,     1.06 MB (  6%) free+waste,   182.63 KB (  1%) overhead. 
       Both:    125.93 MB capacity,   122.65 MB ( 97%) used,     2.69 MB (  2%) free+waste,   597.50 KB ( <1%) overhead. 

Virtual space:
  Non-class space:      110.00 MB reserved,     109.60 MB (>99%) committed 
      Class space:        1.00 GB reserved,      16.63 MB (  2%) committed 
             Both:        1.11 GB reserved,     126.22 MB ( 11%) committed 

Chunk freelists:
   Non-Class:  88.00 KB
       Class:  152.00 KB
        Both:  240.00 KB

MaxMetaspaceSize: 17179869184.00 GB
CompressedClassSpaceSize: 1.00 GB
Initial GC threshold: 20.80 MB
Current GC threshold: 210.37 MB
CDS: off

CodeHeap 'non-profiled nmethods': size=120000Kb used=12195Kb max_used=12195Kb free=107804Kb
 bounds [0x0000022ed5520000, 0x0000022ed6110000, 0x0000022edca50000]
CodeHeap 'profiled nmethods': size=120000Kb used=40115Kb max_used=40115Kb free=79884Kb
 bounds [0x0000022ecdff0000, 0x0000022ed0720000, 0x0000022ed5520000]
CodeHeap 'non-nmethods': size=5760Kb used=2463Kb max_used=2531Kb free=3296Kb
 bounds [0x0000022ecda50000, 0x0000022ecdcd0000, 0x0000022ecdff0000]
 total_blobs=19553 nmethods=18571 adapters=893
 compilation: enabled
              stopped_count=0, restarted_count=0
 full_count=0

Compilation events (20 events):
Event: 842.382 Thread 0x0000022ee53f3800 19759       4       org.gradle.api.internal.attributes.DefaultAttributesSchema$MergedSchema::matchValue (138 bytes)
Event: 842.383 Thread 0x0000022ee56b9800 nmethod 19758 0x0000022ed6107590 code [0x0000022ed6107720, 0x0000022ed61077b8]
Event: 842.383 Thread 0x0000022ee56b9800 19757       4       org.gradle.api.internal.artifacts.ivyservice.resolveengine.artifact.DefaultArtifactSet$SingleVariantArtifactSet::getVariants (8 bytes)
Event: 842.386 Thread 0x0000022ee56b9800 nmethod 19757 0x0000022ed6107890 code [0x0000022ed6107a40, 0x0000022ed6107b98]
Event: 842.386 Thread 0x0000022ee56b9800 19737       4       java.io.File::getParent (65 bytes)
Event: 842.404 Thread 0x0000022ee543e800 19764       3       org.gradle.api.internal.artifacts.ivyservice.resolveengine.artifact.ParallelResolveArtifactSet$VisitingSet$StartVisitAction::visitResults (43 bytes)
Event: 842.404 Thread 0x0000022ee543e800 nmethod 19764 0x0000022ed0714a90 code [0x0000022ed0714ca0, 0x0000022ed0715258]
Event: 842.405 Thread 0x0000022ee543e800 19765       3       org.gradle.internal.classpath.DefaultCachedClasspathTransformer$$Lambda$369/0x0000000100507840::get$Lambda (10 bytes)
Event: 842.405 Thread 0x0000022ee543e800 nmethod 19765 0x0000022ed0715410 code [0x0000022ed07155e0, 0x0000022ed0715898]
Event: 842.405 Thread 0x0000022ee543e800 19766       3       org.gradle.internal.classpath.DefaultCachedClasspathTransformer$$Lambda$369/0x0000000100507840::<init> (15 bytes)
Event: 842.405 Thread 0x0000022ee543e800 nmethod 19766 0x0000022ed0715990 code [0x0000022ed0715b40, 0x0000022ed0715d58]
Event: 842.405 Thread 0x0000022ee543e800 19767       3       org.gradle.internal.classpath.DefaultCachedClasspathTransformer$$Lambda$369/0x0000000100507840::accept (16 bytes)
Event: 842.405 Thread 0x0000022ee56b9800 nmethod 19737 0x0000022ed6107c90 code [0x0000022ed6107e60, 0x0000022ed6108488]
Event: 842.405 Thread 0x0000022ee56b9800 19762   !   4       org.gradle.internal.resources.AbstractTrackedResourceLock::tryLock (75 bytes)
Event: 842.405 Thread 0x0000022ee543e800 nmethod 19767 0x0000022ed0715e10 code [0x0000022ed0716080, 0x0000022ed0716bc8]
Event: 842.405 Thread 0x0000022ee543e800 19768       3       org.gradle.internal.classpath.DefaultCachedClasspathTransformer::lambda$transformAll$11 (18 bytes)
Event: 842.407 Thread 0x0000022ee543e800 nmethod 19768 0x0000022ed0716f90 code [0x0000022ed07171e0, 0x0000022ed0717bc8]
Event: 842.407 Thread 0x0000022ee543e800 19769       3       org.gradle.internal.classpath.DefaultCachedClasspathTransformer$$Lambda$370/0x0000000100507c40::get$Lambda (9 bytes)
Event: 842.407 Thread 0x0000022ee543e800 nmethod 19769 0x0000022ed0717f10 code [0x0000022ed07180e0, 0x0000022ed0718338]
Event: 842.407 Thread 0x0000022ee543e800 19770       3       org.gradle.internal.classpath.DefaultCachedClasspathTransformer$$Lambda$370/0x0000000100507c40::<init> (10 bytes)

GC Heap History (20 events):
Event: 752.630 GC heap before
{Heap before GC invocations=34 (full 0):
 garbage-first heap   total 192512K, used 144914K [0x0000000080000000, 0x0000000100000000)
  region size 1024K, 34 young (34816K), 4 survivors (4096K)
 Metaspace       used 122876K, capacity 126098K, committed 126948K, reserved 1159168K
  class space    used 15515K, capacity 16740K, committed 17024K, reserved 1048576K
}
Event: 752.643 GC heap after
{Heap after GC invocations=35 (full 0):
 garbage-first heap   total 192512K, used 119638K [0x0000000080000000, 0x0000000100000000)
  region size 1024K, 5 young (5120K), 5 survivors (5120K)
 Metaspace       used 122876K, capacity 126098K, committed 126948K, reserved 1159168K
  class space    used 15515K, capacity 16740K, committed 17024K, reserved 1048576K
}
Event: 752.656 GC heap before
{Heap before GC invocations=35 (full 0):
 garbage-first heap   total 192512K, used 123734K [0x0000000080000000, 0x0000000100000000)
  region size 1024K, 9 young (9216K), 5 survivors (5120K)
 Metaspace       used 122876K, capacity 126098K, committed 126948K, reserved 1159168K
  class space    used 15515K, capacity 16740K, committed 17024K, reserved 1048576K
}
Event: 752.666 GC heap after
{Heap after GC invocations=36 (full 0):
 garbage-first heap   total 192512K, used 106811K [0x0000000080000000, 0x0000000100000000)
  region size 1024K, 1 young (1024K), 1 survivors (1024K)
 Metaspace       used 122876K, capacity 126098K, committed 126948K, reserved 1159168K
  class space    used 15515K, capacity 16740K, committed 17024K, reserved 1048576K
}
Event: 753.078 GC heap before
{Heap before GC invocations=36 (full 0):
 garbage-first heap   total 192512K, used 136507K [0x0000000080000000, 0x0000000100000000)
  region size 1024K, 32 young (32768K), 1 survivors (1024K)
 Metaspace       used 123049K, capacity 126232K, committed 126948K, reserved 1159168K
  class space    used 15517K, capacity 16742K, committed 17024K, reserved 1048576K
}
Event: 753.087 GC heap after
{Heap after GC invocations=37 (full 0):
 garbage-first heap   total 192512K, used 111386K [0x0000000080000000, 0x0000000100000000)
  region size 1024K, 5 young (5120K), 5 survivors (5120K)
 Metaspace       used 123049K, capacity 126232K, committed 126948K, reserved 1159168K
  class space    used 15517K, capacity 16742K, committed 17024K, reserved 1048576K
}
Event: 753.567 GC heap before
{Heap before GC invocations=38 (full 0):
 garbage-first heap   total 192512K, used 149443K [0x0000000080000000, 0x0000000100000000)
  region size 1024K, 42 young (43008K), 5 survivors (5120K)
 Metaspace       used 123620K, capacity 126853K, committed 127460K, reserved 1159168K
  class space    used 15534K, capacity 16748K, committed 17024K, reserved 1048576K
}
Event: 753.584 GC heap after
{Heap after GC invocations=39 (full 0):
 garbage-first heap   total 192512K, used 117496K [0x0000000080000000, 0x0000000100000000)
  region size 1024K, 6 young (6144K), 6 survivors (6144K)
 Metaspace       used 123620K, capacity 126853K, committed 127460K, reserved 1159168K
  class space    used 15534K, capacity 16748K, committed 17024K, reserved 1048576K
}
Event: 753.638 GC heap before
{Heap before GC invocations=39 (full 0):
 garbage-first heap   total 192512K, used 120568K [0x0000000080000000, 0x0000000100000000)
  region size 1024K, 9 young (9216K), 6 survivors (6144K)
 Metaspace       used 123726K, capacity 126995K, committed 127716K, reserved 1161216K
  class space    used 15536K, capacity 16748K, committed 17024K, reserved 1048576K
}
Event: 753.651 GC heap after
{Heap after GC invocations=40 (full 0):
 garbage-first heap   total 192512K, used 115050K [0x0000000080000000, 0x0000000100000000)
  region size 1024K, 2 young (2048K), 2 survivors (2048K)
 Metaspace       used 123726K, capacity 126995K, committed 127716K, reserved 1161216K
  class space    used 15536K, capacity 16748K, committed 17024K, reserved 1048576K
}
Event: 754.302 GC heap before
{Heap before GC invocations=40 (full 0):
 garbage-first heap   total 192512K, used 149866K [0x0000000080000000, 0x0000000100000000)
  region size 1024K, 36 young (36864K), 2 survivors (2048K)
 Metaspace       used 124555K, capacity 127799K, committed 128484K, reserved 1161216K
  class space    used 15550K, capacity 16761K, committed 17024K, reserved 1048576K
}
Event: 754.321 GC heap after
{Heap after GC invocations=41 (full 0):
 garbage-first heap   total 192512K, used 118075K [0x0000000080000000, 0x0000000100000000)
  region size 1024K, 5 young (5120K), 5 survivors (5120K)
 Metaspace       used 124555K, capacity 127799K, committed 128484K, reserved 1161216K
  class space    used 15550K, capacity 16761K, committed 17024K, reserved 1048576K
}
Event: 794.253 GC heap before
{Heap before GC invocations=42 (full 0):
 garbage-first heap   total 192512K, used 163131K [0x0000000080000000, 0x0000000100000000)
  region size 1024K, 39 young (39936K), 5 survivors (5120K)
 Metaspace       used 124929K, capacity 128216K, committed 128740K, reserved 1161216K
  class space    used 15568K, capacity 16803K, committed 17024K, reserved 1048576K
}
Event: 794.257 GC heap after
{Heap after GC invocations=43 (full 0):
 garbage-first heap   total 192512K, used 115262K [0x0000000080000000, 0x0000000100000000)
  region size 1024K, 2 young (2048K), 2 survivors (2048K)
 Metaspace       used 124929K, capacity 128216K, committed 128740K, reserved 1161216K
  class space    used 15568K, capacity 16803K, committed 17024K, reserved 1048576K
}
Event: 794.301 GC heap before
{Heap before GC invocations=43 (full 0):
 garbage-first heap   total 192512K, used 121406K [0x0000000080000000, 0x0000000100000000)
  region size 1024K, 9 young (9216K), 2 survivors (2048K)
 Metaspace       used 124938K, capacity 128217K, committed 128740K, reserved 1161216K
  class space    used 15568K, capacity 16803K, committed 17024K, reserved 1048576K
}
Event: 794.314 GC heap after
{Heap after GC invocations=44 (full 0):
 garbage-first heap   total 192512K, used 108450K [0x0000000080000000, 0x0000000100000000)
  region size 1024K, 1 young (1024K), 1 survivors (1024K)
 Metaspace       used 124938K, capacity 128217K, committed 128740K, reserved 1161216K
  class space    used 15568K, capacity 16803K, committed 17024K, reserved 1048576K
}
Event: 794.968 GC heap before
{Heap before GC invocations=44 (full 0):
 garbage-first heap   total 192512K, used 152482K [0x0000000080000000, 0x0000000100000000)
  region size 1024K, 43 young (44032K), 1 survivors (1024K)
 Metaspace       used 125273K, capacity 128693K, committed 128996K, reserved 1161216K
  class space    used 15599K, capacity 16859K, committed 17024K, reserved 1048576K
}
Event: 794.980 GC heap after
{Heap after GC invocations=45 (full 0):
 garbage-first heap   total 192512K, used 118274K [0x0000000080000000, 0x0000000100000000)
  region size 1024K, 6 young (6144K), 6 survivors (6144K)
 Metaspace       used 125273K, capacity 128693K, committed 128996K, reserved 1161216K
  class space    used 15599K, capacity 16859K, committed 17024K, reserved 1048576K
}
Event: 795.486 GC heap before
{Heap before GC invocations=45 (full 0):
 garbage-first heap   total 192512K, used 155138K [0x0000000080000000, 0x0000000100000000)
  region size 1024K, 42 young (43008K), 6 survivors (6144K)
 Metaspace       used 125415K, capacity 128835K, committed 129252K, reserved 1161216K
  class space    used 15600K, capacity 16861K, committed 17024K, reserved 1048576K
}
Event: 795.514 GC heap after
{Heap after GC invocations=46 (full 0):
 garbage-first heap   total 192512K, used 123891K [0x0000000080000000, 0x0000000100000000)
  region size 1024K, 6 young (6144K), 6 survivors (6144K)
 Metaspace       used 125415K, capacity 128835K, committed 129252K, reserved 1161216K
  class space    used 15600K, capacity 16861K, committed 17024K, reserved 1048576K
}

Deoptimization events (20 events):
Event: 795.620 Thread 0x0000022ef068e000 Uncommon trap: trap_request=0xffffff4d fr.pc=0x0000022ed56ade6c relative=0x00000000000000ac
Event: 795.624 Thread 0x0000022ef068e000 Uncommon trap: reason=unstable_if action=reinterpret pc=0x0000022ed56ade6c method=com.android.tools.r8.dex.h.a(Lcom/android/tools/r8/graph/N0;)Lcom/android/tools/r8/graph/p0; @ 13 c2
Event: 795.624 Thread 0x0000022ef068e000 DEOPT PACKING pc=0x0000022ed56ade6c sp=0x000000ffef3fcd90
Event: 795.624 Thread 0x0000022ef068e000 DEOPT UNPACKING pc=0x0000022ecda585af sp=0x000000ffef3fcd18 mode 2
Event: 795.720 Thread 0x0000022ee55d1800 Uncommon trap: trap_request=0xffffffde fr.pc=0x0000022ed566386c relative=0x000000000000052c
Event: 795.720 Thread 0x0000022ee55d1800 Uncommon trap: reason=class_check action=maybe_recompile pc=0x0000022ed566386c method=jdk.internal.ref.PhantomCleanable.clean()V @ 12 c2
Event: 795.720 Thread 0x0000022ee55d1800 DEOPT PACKING pc=0x0000022ed566386c sp=0x000000ffe59ff260
Event: 795.720 Thread 0x0000022ee55d1800 DEOPT UNPACKING pc=0x0000022ecda585af sp=0x000000ffe59ff240 mode 2
Event: 795.876 Thread 0x0000022ee878a800 Uncommon trap: trap_request=0xffffff4d fr.pc=0x0000022ed5f9ba00 relative=0x0000000000000060
Event: 795.876 Thread 0x0000022ee878a800 Uncommon trap: reason=unstable_if action=reinterpret pc=0x0000022ed5f9ba00 method=com.google.common.collect.ImmutableSet$SetBuilderImpl.ensureCapacity(I)V @ 6 c2
Event: 795.876 Thread 0x0000022ee878a800 DEOPT PACKING pc=0x0000022ed5f9ba00 sp=0x000000ffe61fb9f0
Event: 795.876 Thread 0x0000022ee878a800 DEOPT UNPACKING pc=0x0000022ecda585af sp=0x000000ffe61fb970 mode 2
Event: 842.189 Thread 0x0000022ee5cf1000 Uncommon trap: trap_request=0xffffff4d fr.pc=0x0000022ed5e81474 relative=0x0000000000000474
Event: 842.189 Thread 0x0000022ee5cf1000 Uncommon trap: reason=unstable_if action=reinterpret pc=0x0000022ed5e81474 method=org.gradle.internal.logging.sink.OutputEventRenderer.onOutput(Lorg/gradle/internal/logging/events/OutputEvent;)V @ 24 c2
Event: 842.189 Thread 0x0000022ee5cf1000 DEOPT PACKING pc=0x0000022ed5e81474 sp=0x000000ffe63fedf0
Event: 842.189 Thread 0x0000022ee5cf1000 DEOPT UNPACKING pc=0x0000022ecda585af sp=0x000000ffe63fed38 mode 2
Event: 842.309 Thread 0x0000022ee878a800 Uncommon trap: trap_request=0xffffffde fr.pc=0x0000022ed5ea779c relative=0x0000000000000a1c
Event: 842.309 Thread 0x0000022ee878a800 Uncommon trap: reason=class_check action=maybe_recompile pc=0x0000022ed5ea779c method=org.gradle.cache.internal.LockOnDemandCrossProcessCacheAccess.incrementLockCount()V @ 97 c2
Event: 842.309 Thread 0x0000022ee878a800 DEOPT PACKING pc=0x0000022ed5ea779c sp=0x000000ffe61f7910
Event: 842.309 Thread 0x0000022ee878a800 DEOPT UNPACKING pc=0x0000022ecda585af sp=0x000000ffe61f78f0 mode 2

Classes redefined (0 events):
No events

Internal exceptions (20 events):
Event: 795.265 Thread 0x0000022ee8a8a000 Exception <a 'sun/nio/fs/WindowsException'{0x000000008a830240}> (0x000000008a830240) thrown at [./src/hotspot/share/prims/jni.cpp, line 616]
Event: 795.271 Thread 0x0000022ee8a8a000 Exception <a 'sun/nio/fs/WindowsException'{0x000000008a8a1b48}> (0x000000008a8a1b48) thrown at [./src/hotspot/share/prims/jni.cpp, line 616]
Event: 795.271 Thread 0x0000022ee8a8a000 Exception <a 'sun/nio/fs/WindowsException'{0x000000008a8a1c68}> (0x000000008a8a1c68) thrown at [./src/hotspot/share/prims/jni.cpp, line 616]
Event: 795.274 Thread 0x0000022ee8a8a000 Exception <a 'sun/nio/fs/WindowsException'{0x000000008a8d22b0}> (0x000000008a8d22b0) thrown at [./src/hotspot/share/prims/jni.cpp, line 616]
Event: 795.274 Thread 0x0000022ee8a8a000 Exception <a 'sun/nio/fs/WindowsException'{0x000000008a8d23f0}> (0x000000008a8d23f0) thrown at [./src/hotspot/share/prims/jni.cpp, line 616]
Event: 795.288 Thread 0x0000022ee8a8a000 Exception <a 'sun/nio/fs/WindowsException'{0x000000008a7881e8}> (0x000000008a7881e8) thrown at [./src/hotspot/share/prims/jni.cpp, line 616]
Event: 795.288 Thread 0x0000022ee8a8a000 Exception <a 'sun/nio/fs/WindowsException'{0x000000008a788300}> (0x000000008a788300) thrown at [./src/hotspot/share/prims/jni.cpp, line 616]
Event: 795.310 Thread 0x0000022ee8a8a000 Exception <a 'sun/nio/fs/WindowsException'{0x000000008a5e8ce8}> (0x000000008a5e8ce8) thrown at [./src/hotspot/share/prims/jni.cpp, line 616]
Event: 795.312 Thread 0x0000022ee8a8a000 Exception <a 'sun/nio/fs/WindowsException'{0x000000008a5f1690}> (0x000000008a5f1690) thrown at [./src/hotspot/share/prims/jni.cpp, line 616]
Event: 795.338 Thread 0x0000022ee8a8a000 Exception <a 'sun/nio/fs/WindowsException'{0x000000008a3b9a68}> (0x000000008a3b9a68) thrown at [./src/hotspot/share/prims/jni.cpp, line 616]
Event: 795.477 Thread 0x0000022eeb00a800 Exception <a 'sun/nio/fs/WindowsException'{0x000000008998ec98}> (0x000000008998ec98) thrown at [./src/hotspot/share/prims/jni.cpp, line 616]
Event: 795.482 Thread 0x0000022ee7b23800 Exception <a 'sun/nio/fs/WindowsException'{0x00000000898138c8}> (0x00000000898138c8) thrown at [./src/hotspot/share/prims/jni.cpp, line 616]
Event: 795.548 Thread 0x0000022eeb00a800 Exception <a 'sun/nio/fs/WindowsException'{0x000000008baeff78}> (0x000000008baeff78) thrown at [./src/hotspot/share/prims/jni.cpp, line 616]
Event: 795.550 Thread 0x0000022ee7b23800 Exception <a 'sun/nio/fs/WindowsException'{0x000000008b942968}> (0x000000008b942968) thrown at [./src/hotspot/share/prims/jni.cpp, line 616]
Event: 795.617 Thread 0x0000022ef068e000 Exception <a 'sun/nio/fs/WindowsException'{0x000000008b8fd520}> (0x000000008b8fd520) thrown at [./src/hotspot/share/prims/jni.cpp, line 616]
Event: 795.644 Thread 0x0000022ef068e000 Exception <a 'sun/nio/fs/WindowsException'{0x000000008b7c52b8}> (0x000000008b7c52b8) thrown at [./src/hotspot/share/prims/jni.cpp, line 616]
Event: 795.872 Thread 0x0000022ef0692000 Exception <a 'sun/nio/fs/WindowsException'{0x000000008ae747c0}> (0x000000008ae747c0) thrown at [./src/hotspot/share/prims/jni.cpp, line 616]
Event: 795.873 Thread 0x0000022ee878a800 Exception <a 'sun/nio/fs/WindowsException'{0x000000008ae5dbf8}> (0x000000008ae5dbf8) thrown at [./src/hotspot/share/prims/jni.cpp, line 616]
Event: 795.873 Thread 0x0000022ee878a800 Exception <a 'sun/nio/fs/WindowsException'{0x000000008ae5dc78}> (0x000000008ae5dc78) thrown at [./src/hotspot/share/prims/jni.cpp, line 616]
Event: 795.873 Thread 0x0000022ee878a800 Exception <a 'sun/nio/fs/WindowsException'{0x000000008ae5f4c8}> (0x000000008ae5f4c8) thrown at [./src/hotspot/share/prims/jni.cpp, line 616]

Events (20 events):
Event: 842.391 Thread 0x0000022eee00c800 Thread added: 0x0000022eee00c800
Event: 842.391 Thread 0x0000022eee00f000 Thread added: 0x0000022eee00f000
Event: 842.392 Thread 0x0000022eee010000 Thread added: 0x0000022eee010000
Event: 842.392 Thread 0x0000022eee00a800 Thread added: 0x0000022eee00a800
Event: 842.392 Thread 0x0000022eee012800 Thread added: 0x0000022eee012800
Event: 842.392 Thread 0x0000022eee011000 Thread added: 0x0000022eee011000
Event: 842.393 Thread 0x0000022eee015000 Thread added: 0x0000022eee015000
Event: 842.393 Thread 0x0000022eee011800 Thread added: 0x0000022eee011800
Event: 842.393 Thread 0x0000022eee013000 Thread added: 0x0000022eee013000
Event: 842.394 Thread 0x0000022eee014000 Thread added: 0x0000022eee014000
Event: 842.394 Thread 0x0000022eeae18800 Thread added: 0x0000022eeae18800
Event: 842.395 Thread 0x0000022eeae17000 Thread added: 0x0000022eeae17000
Event: 842.395 Thread 0x0000022eeae1b000 Thread added: 0x0000022eeae1b000
Event: 842.395 Thread 0x0000022eeae1c000 Thread added: 0x0000022eeae1c000
Event: 842.395 Thread 0x0000022eeae16000 Thread added: 0x0000022eeae16000
Event: 842.395 Thread 0x0000022eeae1c800 Thread added: 0x0000022eeae1c800
Event: 842.395 Thread 0x0000022eeae19800 Thread added: 0x0000022eeae19800
Event: 842.395 Thread 0x0000022eeae1a800 Thread added: 0x0000022eeae1a800
Event: 842.396 Thread 0x0000022eeae1d800 Thread added: 0x0000022eeae1d800
Event: 842.396 Thread 0x0000022eeae18000 Thread added: 0x0000022eeae18000


Dynamic libraries:
0x00007ff778050000 - 0x00007ff77805a000 	C:\Program Files\Android\Android Studio\jre\bin\java.exe
0x00007ff93e1e0000 - 0x00007ff93e3e9000 	C:\WINDOWS\SYSTEM32\ntdll.dll
0x00007ff93ca90000 - 0x00007ff93cb4d000 	C:\WINDOWS\System32\KERNEL32.DLL
0x00007ff93bbf0000 - 0x00007ff93bf6b000 	C:\WINDOWS\System32\KERNELBASE.dll
0x00007ff93b7d0000 - 0x00007ff93b8e1000 	C:\WINDOWS\System32\ucrtbase.dll
0x00007ff8fc520000 - 0x00007ff8fc537000 	C:\Program Files\Android\Android Studio\jre\bin\VCRUNTIME140.dll
0x00007ff8f2fc0000 - 0x00007ff8f2fd9000 	C:\Program Files\Android\Android Studio\jre\bin\jli.dll
0x00007ff93d470000 - 0x00007ff93d61d000 	C:\WINDOWS\System32\USER32.dll
0x00007ff926950000 - 0x00007ff926bf5000 	C:\WINDOWS\WinSxS\amd64_microsoft.windows.common-controls_6595b64144ccf1df_6.0.22000.120_none_9d947278b86cc467\COMCTL32.dll
0x00007ff93b7a0000 - 0x00007ff93b7c6000 	C:\WINDOWS\System32\win32u.dll
0x00007ff93d130000 - 0x00007ff93d1d3000 	C:\WINDOWS\System32\msvcrt.dll
0x00007ff93cf00000 - 0x00007ff93cf29000 	C:\WINDOWS\System32\GDI32.dll
0x00007ff93b8f0000 - 0x00007ff93ba08000 	C:\WINDOWS\System32\gdi32full.dll
0x00007ff93b700000 - 0x00007ff93b79d000 	C:\WINDOWS\System32\msvcp_win.dll
0x00007ff93d8e0000 - 0x00007ff93d911000 	C:\WINDOWS\System32\IMM32.DLL
0x00007ff8d81f0000 - 0x00007ff8d828d000 	C:\Program Files\Android\Android Studio\jre\bin\msvcp140.dll
0x00007ff8ba530000 - 0x00007ff8bb032000 	C:\Program Files\Android\Android Studio\jre\bin\server\jvm.dll
0x00007ff93cd60000 - 0x00007ff93ce0e000 	C:\WINDOWS\System32\ADVAPI32.dll
0x00007ff93c3c0000 - 0x00007ff93c45e000 	C:\WINDOWS\System32\sechost.dll
0x00007ff93d010000 - 0x00007ff93d130000 	C:\WINDOWS\System32\RPCRT4.dll
0x00007ff93d840000 - 0x00007ff93d848000 	C:\WINDOWS\System32\PSAPI.DLL
0x00007ff9309f0000 - 0x00007ff9309f9000 	C:\WINDOWS\SYSTEM32\WSOCK32.dll
0x00007ff93d1e0000 - 0x00007ff93d24f000 	C:\WINDOWS\System32\WS2_32.dll
0x00007ff932cf0000 - 0x00007ff932d23000 	C:\WINDOWS\SYSTEM32\WINMM.dll
0x00007ff9315a0000 - 0x00007ff9315aa000 	C:\WINDOWS\SYSTEM32\VERSION.dll
0x00007ff93a7f0000 - 0x00007ff93a808000 	C:\WINDOWS\SYSTEM32\kernel.appcore.dll
0x00007ff92ff00000 - 0x00007ff92ff11000 	C:\Program Files\Android\Android Studio\jre\bin\verify.dll
0x00007ff939090000 - 0x00007ff9392b1000 	C:\WINDOWS\SYSTEM32\DBGHELP.DLL
0x00007ff930e30000 - 0x00007ff930e61000 	C:\WINDOWS\SYSTEM32\dbgcore.DLL
0x00007ff93b680000 - 0x00007ff93b6ff000 	C:\WINDOWS\System32\bcryptPrimitives.dll
0x00007ff922bc0000 - 0x00007ff922be9000 	C:\Program Files\Android\Android Studio\jre\bin\java.dll
0x00007ff9309e0000 - 0x00007ff9309eb000 	C:\Program Files\Android\Android Studio\jre\bin\jimage.dll
0x00007ff925910000 - 0x00007ff925928000 	C:\Program Files\Android\Android Studio\jre\bin\zip.dll
0x00007ff93d920000 - 0x00007ff93e0d8000 	C:\WINDOWS\System32\SHELL32.dll
0x00007ff9396a0000 - 0x00007ff939f05000 	C:\WINDOWS\SYSTEM32\windows.storage.dll
0x00007ff93c040000 - 0x00007ff93c3b7000 	C:\WINDOWS\System32\combase.dll
0x00007ff939530000 - 0x00007ff939696000 	C:\WINDOWS\SYSTEM32\wintypes.dll
0x00007ff93ce10000 - 0x00007ff93cefa000 	C:\WINDOWS\System32\SHCORE.dll
0x00007ff93e110000 - 0x00007ff93e16d000 	C:\WINDOWS\System32\shlwapi.dll
0x00007ff93b5b0000 - 0x00007ff93b5d1000 	C:\WINDOWS\SYSTEM32\profapi.dll
0x00007ff9208f0000 - 0x00007ff92090a000 	C:\Program Files\Android\Android Studio\jre\bin\net.dll
0x00007ff932ba0000 - 0x00007ff932cac000 	C:\WINDOWS\SYSTEM32\WINHTTP.dll
0x00007ff93ac90000 - 0x00007ff93acf7000 	C:\WINDOWS\system32\mswsock.dll
0x00007ff9108c0000 - 0x00007ff9108d4000 	C:\Program Files\Android\Android Studio\jre\bin\nio.dll
0x00007ff8ffb00000 - 0x00007ff8ffb27000 	C:\Users\HASAN\.gradle\native\e1d6ef7f7dcc3fd88c89a11ec53ec762bb8ba0a96d01ffa2cd45eb1d1d8dd5c5\windows-amd64\native-platform.dll
0x00007ff8d3fb0000 - 0x00007ff8d40f4000 	C:\Users\HASAN\.gradle\native\0d407fdbe67a94daf76414ababcb853783967236a71b16ec16e742cd7a986fd3\windows-amd64\native-platform-file-events.dll
0x00007ff930410000 - 0x00007ff93041a000 	C:\Program Files\Android\Android Studio\jre\bin\management.dll
0x00007ff92f6a0000 - 0x00007ff92f6ad000 	C:\Program Files\Android\Android Studio\jre\bin\management_ext.dll
0x00007ff93aee0000 - 0x00007ff93aef8000 	C:\WINDOWS\SYSTEM32\CRYPTSP.dll
0x00007ff93a750000 - 0x00007ff93a785000 	C:\WINDOWS\system32\rsaenh.dll
0x00007ff93ad80000 - 0x00007ff93ada9000 	C:\WINDOWS\SYSTEM32\USERENV.dll
0x00007ff93b060000 - 0x00007ff93b087000 	C:\WINDOWS\SYSTEM32\bcrypt.dll
0x00007ff93aed0000 - 0x00007ff93aedc000 	C:\WINDOWS\SYSTEM32\CRYPTBASE.dll
0x00007ff93a320000 - 0x00007ff93a34d000 	C:\WINDOWS\SYSTEM32\IPHLPAPI.DLL
0x00007ff93d2b0000 - 0x00007ff93d2b9000 	C:\WINDOWS\System32\NSI.dll
0x00007ff932d50000 - 0x00007ff932d69000 	C:\WINDOWS\SYSTEM32\dhcpcsvc6.DLL
0x00007ff936840000 - 0x00007ff93685e000 	C:\WINDOWS\SYSTEM32\dhcpcsvc.DLL
0x00007ff93a350000 - 0x00007ff93a438000 	C:\WINDOWS\SYSTEM32\DNSAPI.dll
0x00007ff904040000 - 0x00007ff904067000 	C:\Program Files\Android\Android Studio\jre\bin\sunec.dll
0x00007ff93a810000 - 0x00007ff93a844000 	C:\WINDOWS\SYSTEM32\ntmarta.dll

dbghelp: loaded successfully - version: 4.0.5 - missing functions: none
symbol engine: initialized successfully - sym options: 0x614 - pdb path: .;C:\Program Files\Android\Android Studio\jre\bin;C:\WINDOWS\SYSTEM32;C:\WINDOWS\WinSxS\amd64_microsoft.windows.common-controls_6595b64144ccf1df_6.0.22000.120_none_9d947278b86cc467;C:\Program Files\Android\Android Studio\jre\bin\server;C:\Users\HASAN\.gradle\native\e1d6ef7f7dcc3fd88c89a11ec53ec762bb8ba0a96d01ffa2cd45eb1d1d8dd5c5\windows-amd64;C:\Users\HASAN\.gradle\native\0d407fdbe67a94daf76414ababcb853783967236a71b16ec16e742cd7a986fd3\windows-amd64

VM Arguments:
jvm_args: --add-opens=java.base/java.util=ALL-UNNAMED --add-opens=java.base/java.lang=ALL-UNNAMED --add-opens=java.base/java.lang.invoke=ALL-UNNAMED --add-opens=java.base/java.util=ALL-UNNAMED --add-opens=java.prefs/java.util.prefs=ALL-UNNAMED --add-opens=java.prefs/java.util.prefs=ALL-UNNAMED --add-opens=java.base/java.nio.charset=ALL-UNNAMED --add-opens=java.base/java.net=ALL-UNNAMED --add-opens=java.base/java.util.concurrent.atomic=ALL-UNNAMED -Xmx2048m -Dfile.encoding=UTF-8 -Duser.country=US -Duser.language=en -Duser.variant 
java_command: org.gradle.launcher.daemon.bootstrap.GradleDaemon 7.4
java_class_path (initial): C:\Users\HASAN\.gradle\wrapper\dists\gradle-7.4-bin\c0gwcg53nkjbqw7r0h0umtfvt\gradle-7.4\lib\gradle-launcher-7.4.jar
Launcher Type: SUN_STANDARD

[Global flags]
     intx CICompilerCount                          = 4                                         {product} {ergonomic}
     uint ConcGCThreads                            = 2                                         {product} {ergonomic}
     uint G1ConcRefinementThreads                  = 8                                         {product} {ergonomic}
   size_t G1HeapRegionSize                         = 1048576                                   {product} {ergonomic}
    uintx GCDrainStackTargetSize                   = 64                                        {product} {ergonomic}
   size_t InitialHeapSize                          = 197132288                                 {product} {ergonomic}
   size_t MarkStackSize                            = 4194304                                   {product} {ergonomic}
   size_t MaxHeapSize                              = 2147483648                                {product} {command line}
   size_t MaxNewSize                               = 1287651328                                {product} {ergonomic}
   size_t MinHeapDeltaBytes                        = 1048576                                   {product} {ergonomic}
    uintx NonNMethodCodeHeapSize                   = 5836300                                {pd product} {ergonomic}
    uintx NonProfiledCodeHeapSize                  = 122910970                              {pd product} {ergonomic}
    uintx ProfiledCodeHeapSize                     = 122910970                              {pd product} {ergonomic}
    uintx ReservedCodeCacheSize                    = 251658240                              {pd product} {ergonomic}
     bool SegmentedCodeCache                       = true                                      {product} {ergonomic}
     bool UseCompressedClassPointers               = true                                 {lp64_product} {ergonomic}
     bool UseCompressedOops                        = true                                 {lp64_product} {ergonomic}
     bool UseG1GC                                  = true                                      {product} {ergonomic}
     bool UseLargePagesIndividualAllocation        = false                                  {pd product} {ergonomic}

Logging:
Log output configuration:
 #0: stdout all=warning uptime,level,tags
 #1: stderr all=off uptime,level,tags

Environment Variables:
PATH=C:\Program Files\Common Files\Oracle\Java\javapath;C:\Program Files (x86)\Common Files\Oracle\Java\javapath;C:\Windows\system32;C:\Windows;C:\Windows\System32\Wbem;C:\Windows\System32\WindowsPowerShell\v1.0\;C:\Windows\System32\OpenSSH\;C:\WINDOWS\system32;C:\WINDOWS;C:\WINDOWS\System32\Wbem;C:\WINDOWS\System32\WindowsPowerShell\v1.0\;C:\WINDOWS\System32\OpenSSH\;C:\Program Files\dotnet\;C:\Users\HASAN\AppData\Local\Microsoft\WindowsApps;C:\Users\HASAN\.dotnet\tools
USERNAME=HASAN
OS=Windows_NT
PROCESSOR_IDENTIFIER=Intel64 Family 6 Model 140 Stepping 1, GenuineIntel



---------------  S Y S T E M  ---------------

OS: Windows 11 , 64 bit Build 22000 (10.0.22000.708)
OS uptime: 16 days 2:33 hours

CPU:total 8 (initial active 8) (4 cores per cpu, 2 threads per core) family 6 model 140 stepping 1 microcode 0xa4, cmov, cx8, fxsr, mmx, sse, sse2, sse3, ssse3, sse4.1, sse4.2, popcnt, avx, avx2, aes, clmul, erms, 3dnowpref, lzcnt, ht, tsc, tscinvbit, bmi1, bmi2, adx, evex, sha, fma

Memory: 4k page, system-wide physical 12014M (770M free)
TotalPageFile size 14062M (AvailPageFile size 3M)
current process WorkingSet (physical memory assigned to process): 493M, peak: 520M
current process commit charge ("private bytes"): 549M, peak: 575M

vm_info: OpenJDK 64-Bit Server VM (11.0.13+0-b1751.21-8125866) for windows-amd64 JRE (11.0.13+0-b1751.21-8125866), built on Feb  2 2022 03:00:22 by "builder" with MS VC++ 14.0 (VS2015)

END.
